 
                                                                                                                                                                                                                                                                
 
 
Fit Statistics

Target=Adj_Prem Target Label=' '

   Fit
Statistics    Statistics Label                            Train              Test

 _DFT_        Total Degrees of Freedom                   409.00               .  
 _DFE_        Degrees of Freedom for Error               288.00               .  
 _DFM_        Model Degrees of Freedom                   121.00               .  
 _NW_         Number of Estimated Weights                121.00               .  
 _AIC_        Akaike's Information Criterion            7892.03               .  
 _SBC_        Schwarz's Bayesian Criterion              8377.69               .  
 _ASE_        Average Squared Error                132784091.01      180823305.40
 _MAX_        Maximum Absolute Error                   35283.07          50328.50
 _DIV_        Divisor for ASE                            409.00            175.00
 _NOBS_       Sum of Frequencies                         409.00            175.00
 _RASE_       Root Average Squared Error               11523.20          13447.06
 _SSE_        Sum of Squared Errors              54308693224.16    31644078444.66
 _SUMW_       Sum of Case Weights Times Freq             409.00            175.00
 _FPE_        Final Prediction Error               244359611.93               .  
 _MSE_        Mean Squared Error                   188571851.47      180823305.40
 _RFPE_       Root Final Prediction Error              15632.01               .  
 _RMSE_       Root Mean Squared Error                  13732.15          13447.06
 _AVERR_      Average Error Function               132784091.01      180823305.40
 _ERR_        Error Function                     54308693224.16    31644078444.66
 _MISC_       Misclassification Rate                        .                 .  
 _WRONG_      Number of Wrong Classifications               .                 .  
 
                                                                                                                                                                                                                                                                
 
 
Assessment Score Rankings

Data Role=TRAIN Target Variable=Adj_Prem Target Label=' '

           Number of       Mean         Mean
Depth    Observations     Target     Predicted

   5          21         80623.02     80566.84
  10          20         73911.73     75456.38
  15          22         77541.86     72408.30
  20          19         68392.84     71731.36
  25          22         64129.30     69166.22
  30          19         58531.45     59486.31
  35          21         50613.02     52548.36
  40          20         50794.38     48721.65
  45          21         45982.29     46939.67
  50          20         46163.98     46329.97
  55          20         50189.63     45624.66
  60          21         47596.67     44976.65
  65          20         51999.28     44589.15
  70          21         45829.93     44294.38
  75          20         35915.80     43899.25
  80          21         42399.19     43283.72
  85          20         42420.75     42534.48
  90          21         43893.00     41781.40
  95          20         32904.03     39343.94
 100          20         36271.88     30061.37
 
                                                                                                                                                                                                                                                                
 
 
Assessment Score Distribution

Data Role=TRAIN Target Variable=Adj_Prem Target Label=' '

                            Mean         Mean        Number of       Model
 Range for Predicted       Target     Predicted    Observations      Score

81562.271 -  84621.259    82776.15     83072.74          10        83091.77
78503.283 -  81562.271    69694.75     79425.31           4        80032.78
75444.294 -  78503.283    77341.82     76527.82          19        76973.79
72385.306 -  75444.294    74563.14     73974.21          14        73914.80
69326.317 -  72385.306    70994.88     71748.63          47        70855.81
66267.329 -  69326.317    59227.07     67411.14           7        67796.82
63208.341 -  66267.329    70763.10     64882.45           5        64737.83
60149.352 -  63208.341    53938.17     61114.93           6        61678.85
57090.364 -  60149.352    59891.67     58291.25           9        58619.86
54031.375 -  57090.364    56107.71     54776.47           7        55560.87
50972.387 -  54031.375    51666.68     52586.00          11        52501.88
47913.399 -  50972.387    47478.65     49447.51          20        49442.89
44854.410 -  47913.399    47932.87     46122.03          83        46383.90
41795.422 -  44854.410    44039.65     43613.79         116        43324.92
38736.434 -  41795.422    37213.24     40587.53          25        40265.93
35677.445 -  38736.434    31675.38     37747.11           8        37206.94
32618.457 -  35677.445    34879.38     33344.43           4        34147.95
29559.468 -  32618.457    41160.60     31406.36           5        31088.96
26500.480 -  29559.468    37265.50     29377.76           3        28029.97
23441.492 -  26500.480    34859.75     24992.18           6        24970.99
