*------------------------------------------------------------*
* Score Log
Date:                04,June,2022
Time:                21:12:11
*------------------------------------------------------------*
NOTE: This SAS session is using a registry in WORK.  All changes will be lost at the end of this session.
11252  data work.outkey;
11253  set EMWS1.Neural2_OUTKEY;
11254  if upcase(ROLE) = 'HIDDEN';
11255  run;

NOTE: There were 28 observations read from the data set EMWS1.NEURAL2_OUTKEY.
NOTE: The data set WORK.OUTKEY has 20 observations and 8 variables.
NOTE: DATA statement used (Total process time):
      real time           0.01 seconds
      cpu time            0.01 seconds
      

11256  filename emflow "C:\Users\2001231F\Desktop\Predictive\Workspaces\EMWS1\Neural2\EMFLOWSCORE.sas";
11257  *------------------------------------------------------------*;
11258  * Neural2: Scoring DATA data;
11259  *------------------------------------------------------------*;
11260  data EMWS1.Neural2_TRAIN
11261  / view=EMWS1.Neural2_TRAIN
11262  ;
11263  set EMWS1.Part_TRAIN
11264  ;
11265  %inc emflow;
11600  run;

NOTE: DATA STEP view saved on file EMWS1.NEURAL2_TRAIN.
NOTE: A stored DATA STEP view cannot run under a different operating system.
NOTE: DATA statement used (Total process time):
      real time           0.01 seconds
      cpu time            0.01 seconds
      

11601  quit;
11602  filename emflow;
NOTE: Fileref EMFLOW has been deassigned.

11603  filename emflow "C:\Users\2001231F\Desktop\Predictive\Workspaces\EMWS1\Neural2\EMFLOWSCORE.sas";
11604  *------------------------------------------------------------*;
11605  * Neural2: Scoring TEST data;
11606  *------------------------------------------------------------*;
11607  data EMWS1.Neural2_TEST
11608  / view=EMWS1.Neural2_TEST
11609  ;
11610  set EMWS1.Part_TEST
11611  ;
11612  %inc emflow;
11947  run;

NOTE: DATA STEP view saved on file EMWS1.NEURAL2_TEST.
NOTE: A stored DATA STEP view cannot run under a different operating system.
NOTE: DATA statement used (Total process time):
      real time           0.01 seconds
      cpu time            0.01 seconds
      

11948  quit;
11949  filename emflow;
NOTE: Fileref EMFLOW has been deassigned.

11950  *------------------------------------------------------------*;
11951  * Neural2: Computing metadata for TRAIN data;
11952  *------------------------------------------------------------*;

NOTE: View EMWS1.NEURAL2_TRAIN.VIEW used (Total process time):
      real time           0.07 seconds
      cpu time            0.07 seconds
      
12300  data WORK.MODELTEMP_INFO;
12301  set EMWS1.Neural2_EMINFO;
12302  where DATA='Neural2' and KEY ^in('DECDATA', 'DECMETA', 'IMPORTANCE', 'MODEL');
12303  run;

NOTE: There were 0 observations read from the data set EMWS1.NEURAL2_EMINFO.
      WHERE (DATA='Neural2') and KEY not in ('DECDATA', 'DECMETA', 'IMPORTANCE', 'MODEL');
NOTE: The data set WORK.MODELTEMP_INFO has 0 observations and 3 variables.
NOTE: DATA statement used (Total process time):
      real time           0.00 seconds
      cpu time            0.00 seconds
      

12304  data EMWS1.Neural2_EMINFO;
12305  length TARGET KEY $32 DATA $43;
12306  input TARGET KEY DATA $;
12307  cards;

NOTE: The data set EMWS1.NEURAL2_EMINFO has 3 observations and 3 variables.
NOTE: DATA statement used (Total process time):
      real time           0.00 seconds
      cpu time            0.00 seconds
      

12311  run;
12312  data EMWS1.Neural2_EMINFO;
12313  set EMWS1.Neural2_EMINFO WORK.MODELTEMP_INFO;
12314  run;

NOTE: There were 3 observations read from the data set EMWS1.NEURAL2_EMINFO.
NOTE: There were 0 observations read from the data set WORK.MODELTEMP_INFO.
NOTE: The data set EMWS1.NEURAL2_EMINFO has 3 observations and 3 variables.
NOTE: DATA statement used (Total process time):
      real time           0.01 seconds
      cpu time            0.00 seconds
      

12315  proc sort data = EMWS1.Neural2_EMINFO NOTHREADS;
12316  by TARGET KEY;
12317  run;

NOTE: There were 3 observations read from the data set EMWS1.NEURAL2_EMINFO.
NOTE: The data set EMWS1.NEURAL2_EMINFO has 3 observations and 3 variables.
NOTE: PROCEDURE SORT used (Total process time):
      real time           0.01 seconds
      cpu time            0.00 seconds
      

NOTE: View EMWS1.NEURAL2_TRAIN.VIEW used (Total process time):
      real time           0.07 seconds
      cpu time            0.07 seconds
      
NOTE: View EMWS1.NEURAL2_TEST.VIEW used (Total process time):
      real time           0.07 seconds
      cpu time            0.07 seconds
      
