 
                                                                                                                                                                                                                                                                
 
 
Class Variable Summary Statistics

Data Role=TEST Output Type=SEGMENT

              Numeric    Formatted    Frequency
 Variable      Value       Value        Count      Percent

b_Adj_Prem        1         1             7        7.95455
b_Adj_Prem        2         2             5        5.68182
b_Adj_Prem        3         3             3        3.40909
b_Adj_Prem        4         4             3        3.40909
b_Adj_Prem        5         5             4        4.54545
b_Adj_Prem        6         6             5        5.68182
b_Adj_Prem        7         7             1        1.13636
b_Adj_Prem        8         8             3        3.40909
b_Adj_Prem        9         9             6        6.81818
b_Adj_Prem       10         10            4        4.54545
b_Adj_Prem       11         11            7        7.95455
b_Adj_Prem       12         12            5        5.68182
b_Adj_Prem       13         13            4        4.54545
b_Adj_Prem       14         14            5        5.68182
b_Adj_Prem       15         15            3        3.40909
b_Adj_Prem       16         16            6        6.81818
b_Adj_Prem       17         17            6        6.81818
b_Adj_Prem       18         18            4        4.54545
b_Adj_Prem       19         19            6        6.81818
b_Adj_Prem       20         20            1        1.13636


Data Role=TRAIN Output Type=SEGMENT

              Numeric    Formatted    Frequency
 Variable      Value       Value        Count      Percent

b_Adj_Prem        1         1             11       5.39216
b_Adj_Prem        2         2             10       4.90196
b_Adj_Prem        3         3             10       4.90196
b_Adj_Prem        4         4             11       5.39216
b_Adj_Prem        5         5              9       4.41176
b_Adj_Prem        6         6             11       5.39216
b_Adj_Prem        7         7             10       4.90196
b_Adj_Prem        8         8             11       5.39216
b_Adj_Prem        9         9             10       4.90196
b_Adj_Prem       10         10             9       4.41176
b_Adj_Prem       11         11            11       5.39216
b_Adj_Prem       12         12            10       4.90196
b_Adj_Prem       13         13            10       4.90196
b_Adj_Prem       14         14            10       4.90196
b_Adj_Prem       15         15            10       4.90196
b_Adj_Prem       16         16            12       5.88235
b_Adj_Prem       17         17             9       4.41176
b_Adj_Prem       18         18            10       4.90196
b_Adj_Prem       19         19            10       4.90196
b_Adj_Prem       20         20            10       4.90196
 
                                                                                                                                                                                                                                                                
 
 
Interval Variable Summary Statistics

Variable Name=P_Adj_Prem

Statistics    Label                   TRAIN         TEST

  MEAN        Mean                  59624.91    59667.97
  STD         Standard Deviation    14535.65    14766.23
  N           Non Missing             204.00       88.00
  MIN         Minimum               38976.85    39094.44
  P25         25th Percentile       46410.79    45742.49
  MEDIAN      Median                59469.71    56304.08
  P75         75th Percentile       75405.49    75078.62
  MAX         Maximum               84575.73    84553.31
