*------------------------------------------------------------*
* Training Log
Date:                05,June,2022
Time:                09:01:39
*------------------------------------------------------------*
10865  proc freq data=EMWS2.Score_VariableSet noprint;
10866  table ROLE*LEVEL/out=WORK.ScoreMETA;
10867  run;

NOTE: There were 2 observations read from the data set EMWS2.SCORE_VARIABLESET.
NOTE: The data set WORK.SCOREMETA has 2 observations and 4 variables.
NOTE: PROCEDURE FREQ used (Total process time):
      real time           0.03 seconds
      cpu time            0.03 seconds
      

10868  proc print data=WORK.ScoreMETA label noobs;
10869  var ROLE LEVEL COUNT;
10870  label ROLE = "%sysfunc(sasmsg(sashelp.dmine, meta_role_vlabel, NOQUOTE))" LEVEL = "%sysfunc(sasmsg(sashelp.dmine, meta_level_vlabel, NOQUOTE))" COUNT = "%sysfunc(sasmsg(sashelp.dmine, rpt_count_vlabel, NOQUOTE))";
10871  title9 ' ';
10872  title10 "%sysfunc(sasmsg(sashelp.dmine, rpt_varSummary_title  , NOQUOTE))";
10873  run;

NOTE: There were 2 observations read from the data set WORK.SCOREMETA.
NOTE: The PROCEDURE PRINT printed page 1.
NOTE: PROCEDURE PRINT used (Total process time):
      real time           0.01 seconds
      cpu time            0.01 seconds
      

10874  title10;

10875  %let groupid =;
10876  %let endGroupid =;
10877  %let prescoreid =;
10878  %let idsTable =;
10879  %let hpdmTable =;
10880  %let lasthptm =;
10881  data _null_;
10882  set EMWS2.Neural_EMINFO;
10883  where upcase(key) in('LASTHPTM', 'IDSTABLE', 'HPDMSAMPLE', 'PRESCORECODE','ENDGROUP', 'GROUPINFO', 'BOOSTINFO', 'BAGINFO', 'TARGETINFO', 'INDEXINFO');
10884  select(upcase(key));
10885  when('LASTHPTM') call symput('lasthptm', DATA);
10886  when('IDSTABLE') call symput('idsTable', DATA);
10887  when('HPDMSAMPLE') call symput('hpdmSample', DATA);
10888  when('PRESCORECODE') call symput('prescoreId', DATA);
10889  when('ENDGROUP') call symput('endGroupId', DATA);
10890  otherwise call symput('groupId', DATA);
10891  end;
10892  run;

NOTE: There were 0 observations read from the data set EMWS2.NEURAL_EMINFO.
      WHERE UPCASE(key) in ('BAGINFO', 'BOOSTINFO', 'ENDGROUP', 'GROUPINFO', 'HPDMSAMPLE', 'IDSTABLE', 'INDEXINFO', 'LASTHPTM', 'PRESCORECODE', 'TARGETINFO');
NOTE: DATA statement used (Total process time):
      real time           0.01 seconds
      cpu time            0.01 seconds
      

Executing  SASHELP.EMCORE.EMINFOITERATOR.SCL _INIT >> 
Executing  SASHELP.EMCORE.EMINFOITERATOR.SCL setMetaData >> 
NOTE: There were 1 observations read from the data set EMWS2.NEURAL_EMINFO.
      WHERE (TARGET='Adj_Prem') and (KEY='MODEL');
NOTE: The data set WORK.EMINFO420_AE7K has 1 observations and 3 variables.
Executing  SASHELP.EMCORE.EMINFOITERATOR.SCL NUMELEMENTS >> 
Executing  SASHELP.EMCORE.EMINFOITERATOR.SCL _term >> 
Executing  SASHELP.EMCORE.EMINFOITERATOR.SCL _INIT >> 
Executing  SASHELP.EMCORE.EMINFOITERATOR.SCL setMetaData >> 
NOTE: There were 1 observations read from the data set EMWS2.NEURAL_EMINFO.
      WHERE (TARGET='Adj_Prem') and (KEY='DECMETA');
NOTE: The data set WORK.EMINFO42IFJC7S has 1 observations and 3 variables.
Executing  SASHELP.EMCORE.EMINFOITERATOR.SCL next >> 
Executing  SASHELP.EMCORE.EMINFOITERATOR.SCL next >> 
Executing  SASHELP.EMCORE.EMINFOITERATOR.SCL _term >> 
NOTE: This SAS session is using a registry in WORK.  All changes will be lost at the end of this session.
