 
                                                                                                                                                                                                                                                                
 
 
Fit Statistics

Target=Adj_Prem Target Label=' '

   Fit
Statistics    Statistics Label                       Train              Test

  _ASE_       Average Squared Error           144013059.28      187294781.50
  _DIV_       Divisor for ASE                       409.00            175.00
  _MAX_       Maximum Absolute Error              30542.67          44948.12
  _NOBS_      Sum of Frequencies                    409.00            175.00
  _RASE_      Root Average Squared Error          12000.54          13685.57
  _SSE_       Sum of Squared Errors         58901341247.05    32776586762.40
 
                                                                                                                                                                                                                                                                
 
 
Assessment Score Rankings

Data Role=TRAIN Target Variable=Adj_Prem Target Label=' '

           Number of       Mean         Mean
Depth    Observations     Target     Predicted

   5          22         80795.05     69295.78
  10          19         77512.82     68261.76
  15          21         69819.17     67667.75
  20          20         70650.68     67047.39
  25          22         66277.14     65048.65
  30          19         58531.45     60656.74
  35          21         53595.81     55720.84
  40          20         50122.55     52763.55
  45          21         47141.83     50440.61
  50          20         44690.83     48583.74
  55          20         48335.30     48006.74
  60          21         45216.86     47741.02
  65          20         44322.63     46858.66
  70          21         45475.83     46487.88
  75          20         43801.38     45850.00
  80          21         45908.95     43462.63
  85          20         34619.68     38773.14
  90          21         39173.74     37244.49
  95          20         43231.35     36325.11
 100          20         37327.13     32268.06
 
                                                                                                                                                                                                                                                                
 
 
Assessment Score Distribution

Data Role=TRAIN Target Variable=Adj_Prem Target Label=' '

                            Mean         Mean        Number of       Model
 Range for Predicted       Target     Predicted    Observations      Score

68629.464 -  70813.591    80315.34     69620.97         16         69721.53
66445.337 -  68629.464    73214.98     67620.39         73         67537.40
64261.211 -  66445.337    62596.92     65097.69          6         65353.27
62077.084 -  64261.211    63975.71     63466.99         12         63169.15
59892.957 -  62077.084    60616.50     61326.88          8         60985.02
57708.831 -  59892.957    55210.50     59246.30          8         58800.89
55524.704 -  57708.831    57518.10     56788.25         10         56616.77
53340.577 -  55524.704    50824.50     54377.93         20         54432.64
51156.451 -  53340.577    46681.29     51728.95         14         52248.51
48972.324 -  51156.451    48228.60     50180.13         20         50064.39
46788.197 -  48972.324    45278.09     47891.67         70         47880.26
44604.071 -  46788.197    46387.89     46077.51         61         45696.13
42419.944 -  44604.071    45362.67     43686.08          3         43512.01
40235.817 -  42419.944    41599.38     41184.16          4         41327.88
38051.691 -  40235.817    31666.76     39272.39         17         39143.75
35867.564 -  38051.691    41327.21     37074.86         43         36959.63
33683.437 -  35867.564    40331.92     34775.82         12         34775.50
31499.311 -  33683.437    35974.83     32971.95          6         32591.37
29315.184 -  31499.311    33881.17     30350.73          3         30407.25
27131.057 -  29315.184    35838.33     27131.45          3         28223.12
