*------------------------------------------------------------*
* Report Log
Date:                04,June,2022
Time:                22:25:56
*------------------------------------------------------------*
14363  data EMWS1.Ensmbl_EMOUTFIT;
14364  set EMWS1.Ensmbl_EMOUTFIT;
14365  length TargetLabel $200;
14366  label targetLabel = "%sysfunc(sasmsg(sashelp.dmine, meta_targetlabel_vlabel, NOQUOTE))";
14367  run;

NOTE: Variable TargetLabel is uninitialized.
NOTE: There were 1 observations read from the data set EMWS1.ENSMBL_EMOUTFIT.
NOTE: The data set EMWS1.ENSMBL_EMOUTFIT has 1 observations and 14 variables.
NOTE: DATA statement used (Total process time):
      real time           0.01 seconds
      cpu time            0.01 seconds
      

14368  proc sort data=EMWS1.Ensmbl_EMREPORTFIT nothreads;
14369  by TARGET;
14370  run;

NOTE: There were 6 observations read from the data set EMWS1.ENSMBL_EMREPORTFIT.
NOTE: The data set EMWS1.ENSMBL_EMREPORTFIT has 6 observations and 7 variables.
NOTE: PROCEDURE SORT used (Total process time):
      real time           0.01 seconds
      cpu time            0.01 seconds
      

14371  %let _EMwarndup = 0;
14372  %let _EMtargetdup =;
14373  %let _EMASEtargetdup =;
14374  data _null_;
14375  set EMWS1.Ensmbl_EMOUTFIT;
14376  if .<_ASE_<0.000001 then do;
14377  call symput('_EMwarndup', '1');
14378  call symput('_EMtargetdup', target);
14379  call symput('_EMASEtargetdup', put(_ASE_, best.));
14380  end;
14381  run;

NOTE: There were 1 observations read from the data set EMWS1.ENSMBL_EMOUTFIT.
NOTE: DATA statement used (Total process time):
      real time           0.00 seconds
      cpu time            0.00 seconds
      

14382  proc sort data=EMWS1.Reg4_CMeta_TRAIN out=WORK.SUBSETINMETA;
14383  by NAME;
14384  run;

NOTE: There were 11 observations read from the data set EMWS1.REG4_CMETA_TRAIN.
NOTE: The data set WORK.SUBSETINMETA has 11 observations and 21 variables.
NOTE: PROCEDURE SORT used (Total process time):
      real time           0.01 seconds
      cpu time            0.01 seconds
      

14385  proc sort data=EMWS1.Ensmbl_VariableSet out=WORK.SUBSETVARSET(keep=NAME REPORT);
14386  by NAME;
14387  run;

NOTE: There were 6 observations read from the data set EMWS1.ENSMBL_VARIABLESET.
NOTE: The data set WORK.SUBSETVARSET has 6 observations and 2 variables.
NOTE: PROCEDURE SORT used (Total process time):
      real time           0.01 seconds
      cpu time            0.01 seconds
      

14388  data WORK.ASSESS_META;
14389  merge WORK.SUBSETINMETA WORK.SUBSETVARSET;
14390  by NAME;
14391  run;

NOTE: There were 11 observations read from the data set WORK.SUBSETINMETA.
NOTE: There were 6 observations read from the data set WORK.SUBSETVARSET.
NOTE: The data set WORK.ASSESS_META has 11 observations and 21 variables.
NOTE: DATA statement used (Total process time):
      real time           0.01 seconds
      cpu time            0.01 seconds
      

14392  data EM_temp_assessMeta;
14393  set EMWS1.Ensmbl_CMeta_TRAIN;
14394  where role in('DECISION', 'PREDICT', 'RESIDUAL', 'CLASSIFICATION', 'ASSESS', 'COST');
14395  run;

NOTE: There were 3 observations read from the data set EMWS1.ENSMBL_CMETA_TRAIN.
      WHERE role in ('ASSESS', 'CLASSIFICATION', 'COST', 'DECISION', 'PREDICT', 'RESIDUAL');
NOTE: The data set WORK.EM_TEMP_ASSESSMETA has 3 observations and 21 variables.
NOTE: DATA statement used (Total process time):
      real time           0.00 seconds
      cpu time            0.00 seconds
      

14396  data EM_temp_assessdata;
14397  set EMWS1.Ensmbl_TRAIN(keep=
14398  P_premium
14399  R_premium
14400  _WARN_
14401  premium
14402  );
14403  run;

NOTE: There were 818 observations read from the data set EMWS1.PART4_TRAIN.
NOTE: View EMWS1.ENSMBL_TRAIN.VIEW used (Total process time):
      real time           0.15 seconds
      cpu time            0.15 seconds
      
NOTE: There were 818 observations read from the data set EMWS1.REG4_TRAIN.
NOTE: There were 818 observations read from the data set EMWS1.ENSMBL_TRAIN.
NOTE: The data set WORK.EM_TEMP_ASSESSDATA has 818 observations and 4 variables.
NOTE: DATA statement used (Total process time):
      real time           0.18 seconds
      cpu time            0.18 seconds
      








18734  %let _cn = %sysfunc(getoption(CENTER));
18735  options nocenter;
18736  proc print data=EMWS1.Ensmbl_EMREPORTFIT noobs label;
18737  var STAT LABEL TRAIN
18738  TEST
18739  ;
18740  by TARGET TARGETLABEL;
18741  title9 ' ';
18742  title10 "%sysfunc(sasmsg(sashelp.dmine, rpt_fitstat_title  , NOQUOTE))";
18743  run;

NOTE: There were 6 observations read from the data set EMWS1.ENSMBL_EMREPORTFIT.
NOTE: The PROCEDURE PRINT printed page 4.
NOTE: PROCEDURE PRINT used (Total process time):
      real time           0.01 seconds
      cpu time            0.01 seconds
      

18744  title10;
18745  options &_cn;

18746  proc datasets library=EMWS1 nolist;
18747  modify Ensmbl_EMRANK;
18748  label target = "%sysfunc(sasmsg(sashelp.dmine, rpt_targetvar_vlabel ,   NOQUOTE))";
18749  label datarole = "%sysfunc(sasmsg(sashelp.dmine, rpt_datarole_vlabel ,    NOQUOTE))";
18750  run;

NOTE: MODIFY was successful for EMWS1.ENSMBL_EMRANK.DATA.
18751  quit;

NOTE: PROCEDURE DATASETS used (Total process time):
      real time           0.03 seconds
      cpu time            0.03 seconds
      

18752  %let _cn = %sysfunc(getoption(CENTER));
18753  options nocenter;
18754  proc print data=EMWS1.Ensmbl_EMRANK label noobs;
18755  var
18756  decile N _targetMean_ _meanP_;
18757  by
18758  notsorted DATAROLE
18759  notsorted TARGET
18760  notsorted TARGETLABEL
18761  ;
18762  title9 ' ';
18763  title10 "%sysfunc(sasmsg(sashelp.dmine, rpt_scoreranking_title , NOQUOTE))";
18764  run;

NOTE: There were 20 observations read from the data set EMWS1.ENSMBL_EMRANK.
NOTE: The PROCEDURE PRINT printed page 5.
NOTE: PROCEDURE PRINT used (Total process time):
      real time           0.01 seconds
      cpu time            0.01 seconds
      

18765  title10;
18766  options &_cn;

18767  proc datasets library=EMWS1 nolist;
18768  modify Ensmbl_EMSCOREDIST;
18769  label target = "%sysfunc(sasmsg(sashelp.dmine, rpt_targetvar_vlabel ,      NOQUOTE))";
18770  label datarole = "%sysfunc(sasmsg(sashelp.dmine, rpt_datarole_vlabel ,    NOQUOTE))";
18771  run;

NOTE: MODIFY was successful for EMWS1.ENSMBL_EMSCOREDIST.DATA.
18772  quit;

NOTE: PROCEDURE DATASETS used (Total process time):
      real time           0.01 seconds
      cpu time            0.01 seconds
      

