*------------------------------------------------------------*
* Report Log
Date:                04,June,2022
Time:                23:09:09
*------------------------------------------------------------*
11920  data EMWS2.Neural_EMOUTFIT(rename=(_NAME_=TARGET));
11921  set EMWS2.Neural_OUTFIT(where=(_NAME_ eq 'OVERALL'));
11922  label _NAME_ = "%sysfunc(sasmsg(sashelp.dmine, rpt_target_vlabel  , NOQUOTE))";
11923  if _NAME_='OVERALL' then _NAME_='Adj_Prem';
11924  drop _ITER_;
11925  run;

NOTE: There were 1 observations read from the data set EMWS2.NEURAL_OUTFIT.
      WHERE _NAME_='OVERALL';
NOTE: The data set EMWS2.NEURAL_EMOUTFIT has 1 observations and 45 variables.
NOTE: DATA statement used (Total process time):
      real time           0.00 seconds
      cpu time            0.00 seconds
      

11926  proc sort data=EMWS2.Neural_EMOUTFIT nodupkey;
11927  by TARGET;
11928  run;

NOTE: There were 1 observations read from the data set EMWS2.NEURAL_EMOUTFIT.
NOTE: 0 observations with duplicate key values were deleted.
NOTE: The data set EMWS2.NEURAL_EMOUTFIT has 1 observations and 45 variables.
NOTE: PROCEDURE SORT used (Total process time):
      real time           0.01 seconds
      cpu time            0.00 seconds
      

11929  data EMWS2.Neural_EMOUTFIT;
11930  set EMWS2.Neural_EMOUTFIT;
11931  length TargetLabel $200;
11932  label targetLabel = "%sysfunc(sasmsg(sashelp.dmine, meta_targetlabel_vlabel, NOQUOTE))";
11933  run;

NOTE: Variable TargetLabel is uninitialized.
NOTE: There were 1 observations read from the data set EMWS2.NEURAL_EMOUTFIT.
NOTE: The data set EMWS2.NEURAL_EMOUTFIT has 1 observations and 46 variables.
NOTE: DATA statement used (Total process time):
      real time           0.01 seconds
      cpu time            0.01 seconds
      

11934  proc sort data=EMWS2.Neural_EMREPORTFIT nothreads;
11935  by TARGET;
11936  run;

NOTE: There were 21 observations read from the data set EMWS2.NEURAL_EMREPORTFIT.
NOTE: The data set EMWS2.NEURAL_EMREPORTFIT has 21 observations and 7 variables.
NOTE: PROCEDURE SORT used (Total process time):
      real time           0.00 seconds
      cpu time            0.00 seconds
      

11937  %let _EMwarndup = 0;
11938  %let _EMtargetdup =;
11939  %let _EMASEtargetdup =;
11940  data _null_;
11941  set EMWS2.Neural_EMOUTFIT;
11942  if .<_ASE_<0.000001 then do;
11943  call symput('_EMwarndup', '1');
11944  call symput('_EMtargetdup', target);
11945  call symput('_EMASEtargetdup', put(_ASE_, best.));
11946  end;
11947  run;

NOTE: There were 1 observations read from the data set EMWS2.NEURAL_EMOUTFIT.
NOTE: DATA statement used (Total process time):
      real time           0.00 seconds
      cpu time            0.00 seconds
      

11948  proc sort data=EMWS2.Part_CMeta_TRAIN out=WORK.SUBSETINMETA;
11949  by NAME;
11950  run;

NOTE: There were 5 observations read from the data set EMWS2.PART_CMETA_TRAIN.
NOTE: The data set WORK.SUBSETINMETA has 5 observations and 20 variables.
NOTE: PROCEDURE SORT used (Total process time):
      real time           0.00 seconds
      cpu time            0.00 seconds
      

11951  proc sort data=EMWS2.Neural_VariableSet out=WORK.SUBSETVARSET(keep=NAME REPORT);
11952  by NAME;
11953  run;

NOTE: There were 3 observations read from the data set EMWS2.NEURAL_VARIABLESET.
NOTE: The data set WORK.SUBSETVARSET has 3 observations and 2 variables.
NOTE: PROCEDURE SORT used (Total process time):
      real time           0.01 seconds
      cpu time            0.01 seconds
      

11954  data WORK.ASSESS_META;
11955  merge WORK.SUBSETINMETA WORK.SUBSETVARSET;
11956  by NAME;
11957  run;

NOTE: There were 5 observations read from the data set WORK.SUBSETINMETA.
NOTE: There were 3 observations read from the data set WORK.SUBSETVARSET.
NOTE: The data set WORK.ASSESS_META has 5 observations and 20 variables.
NOTE: DATA statement used (Total process time):
      real time           0.01 seconds
      cpu time            0.01 seconds
      

11958  data EM_temp_assessMeta;
11959  set EMWS2.Neural_CMeta_TRAIN;
11960  where role in('DECISION', 'PREDICT', 'RESIDUAL', 'CLASSIFICATION', 'ASSESS', 'COST');
11961  run;

NOTE: There were 3 observations read from the data set EMWS2.NEURAL_CMETA_TRAIN.
      WHERE role in ('ASSESS', 'CLASSIFICATION', 'COST', 'DECISION', 'PREDICT', 'RESIDUAL');
NOTE: The data set WORK.EM_TEMP_ASSESSMETA has 3 observations and 21 variables.
NOTE: DATA statement used (Total process time):
      real time           0.01 seconds
      cpu time            0.01 seconds
      

11962  data EM_temp_assessdata;
11963  set EMWS2.Neural_TRAIN(keep=
11964  P_Adj_Prem
11965  R_Adj_Prem
11966  _WARN_
11967  Adj_Prem
11968  );
11969  run;

NOTE: View EMWS2.NEURAL_TRAIN.VIEW used (Total process time):
      real time           0.07 seconds
      cpu time            0.07 seconds
      
NOTE: There were 204 observations read from the data set EMWS2.PART_TRAIN.
NOTE: There were 204 observations read from the data set EMWS2.NEURAL_TRAIN.
NOTE: The data set WORK.EM_TEMP_ASSESSDATA has 204 observations and 4 variables.
NOTE: DATA statement used (Total process time):
      real time           0.10 seconds
      cpu time            0.09 seconds
      








16300  %let _cn = %sysfunc(getoption(CENTER));
16301  options nocenter;
16302  proc print data=EMWS2.Neural_EMREPORTFIT noobs label;
16303  var STAT LABEL TRAIN
16304  TEST
16305  ;
16306  by TARGET TARGETLABEL;
16307  title9 ' ';
16308  title10 "%sysfunc(sasmsg(sashelp.dmine, rpt_fitstat_title  , NOQUOTE))";
16309  run;

NOTE: There were 21 observations read from the data set EMWS2.NEURAL_EMREPORTFIT.
NOTE: The PROCEDURE PRINT printed page 7.
NOTE: PROCEDURE PRINT used (Total process time):
      real time           0.00 seconds
      cpu time            0.00 seconds
      

16310  title10;
16311  options &_cn;

16312  proc datasets library=EMWS2 nolist;
16313  modify Neural_EMRANK;
16314  label target = "%sysfunc(sasmsg(sashelp.dmine, rpt_targetvar_vlabel ,   NOQUOTE))";
16315  label datarole = "%sysfunc(sasmsg(sashelp.dmine, rpt_datarole_vlabel ,    NOQUOTE))";
16316  run;

NOTE: MODIFY was successful for EMWS2.NEURAL_EMRANK.DATA.
16317  quit;

NOTE: PROCEDURE DATASETS used (Total process time):
      real time           0.01 seconds
      cpu time            0.01 seconds
      

16318  %let _cn = %sysfunc(getoption(CENTER));
16319  options nocenter;
16320  proc print data=EMWS2.Neural_EMRANK label noobs;
16321  var
16322  decile N _targetMean_ _meanP_;
16323  by
16324  notsorted DATAROLE
16325  notsorted TARGET
16326  notsorted TARGETLABEL
16327  ;
16328  title9 ' ';
16329  title10 "%sysfunc(sasmsg(sashelp.dmine, rpt_scoreranking_title , NOQUOTE))";
16330  run;

NOTE: There were 20 observations read from the data set EMWS2.NEURAL_EMRANK.
NOTE: The PROCEDURE PRINT printed page 8.
NOTE: PROCEDURE PRINT used (Total process time):
      real time           0.00 seconds
      cpu time            0.00 seconds
      

16331  title10;
16332  options &_cn;

16333  proc datasets library=EMWS2 nolist;
16334  modify Neural_EMSCOREDIST;
16335  label target = "%sysfunc(sasmsg(sashelp.dmine, rpt_targetvar_vlabel ,      NOQUOTE))";
16336  label datarole = "%sysfunc(sasmsg(sashelp.dmine, rpt_datarole_vlabel ,    NOQUOTE))";
16337  run;

NOTE: MODIFY was successful for EMWS2.NEURAL_EMSCOREDIST.DATA.
16338  quit;

NOTE: PROCEDURE DATASETS used (Total process time):
      real time           0.01 seconds
      cpu time            0.01 seconds
      

