*------------------------------------------------------------*
* Score Log
Date:                04,June,2022
Time:                21:12:12
*------------------------------------------------------------*
NOTE: This SAS session is using a registry in WORK.  All changes will be lost at the end of this session.
11252  data work.outkey;
11253  set EMWS1.Neural_OUTKEY;
11254  if upcase(ROLE) = 'HIDDEN';
11255  run;

NOTE: There were 11 observations read from the data set EMWS1.NEURAL_OUTKEY.
NOTE: The data set WORK.OUTKEY has 3 observations and 8 variables.
NOTE: DATA statement used (Total process time):
      real time           0.01 seconds
      cpu time            0.01 seconds
      

11256  filename emflow "C:\Users\2001231F\Desktop\Predictive\Workspaces\EMWS1\Neural\EMFLOWSCORE.sas";
11257  *------------------------------------------------------------*;
11258  * Neural: Scoring DATA data;
11259  *------------------------------------------------------------*;
11260  data EMWS1.Neural_TRAIN
11261  / view=EMWS1.Neural_TRAIN
11262  ;
11263  set EMWS1.Part_TRAIN
11264  ;
11265  %inc emflow;
11422  run;

NOTE: DATA STEP view saved on file EMWS1.NEURAL_TRAIN.
NOTE: A stored DATA STEP view cannot run under a different operating system.
NOTE: DATA statement used (Total process time):
      real time           0.01 seconds
      cpu time            0.01 seconds
      

11423  quit;
11424  filename emflow;
NOTE: Fileref EMFLOW has been deassigned.

11425  filename emflow "C:\Users\2001231F\Desktop\Predictive\Workspaces\EMWS1\Neural\EMFLOWSCORE.sas";
11426  *------------------------------------------------------------*;
11427  * Neural: Scoring TEST data;
11428  *------------------------------------------------------------*;
11429  data EMWS1.Neural_TEST
11430  / view=EMWS1.Neural_TEST
11431  ;
11432  set EMWS1.Part_TEST
11433  ;
11434  %inc emflow;
11591  run;

NOTE: DATA STEP view saved on file EMWS1.NEURAL_TEST.
NOTE: A stored DATA STEP view cannot run under a different operating system.
NOTE: DATA statement used (Total process time):
      real time           0.01 seconds
      cpu time            0.01 seconds
      

11592  quit;
11593  filename emflow;
NOTE: Fileref EMFLOW has been deassigned.

11594  *------------------------------------------------------------*;
11595  * Neural: Computing metadata for TRAIN data;
11596  *------------------------------------------------------------*;

NOTE: View EMWS1.NEURAL_TRAIN.VIEW used (Total process time):
      real time           0.09 seconds
      cpu time            0.07 seconds
      
11944  data WORK.MODELTEMP_INFO;
11945  set EMWS1.Neural_EMINFO;
11946  where DATA='Neural' and KEY ^in('DECDATA', 'DECMETA', 'IMPORTANCE', 'MODEL');
11947  run;

NOTE: There were 0 observations read from the data set EMWS1.NEURAL_EMINFO.
      WHERE (DATA='Neural') and KEY not in ('DECDATA', 'DECMETA', 'IMPORTANCE', 'MODEL');
NOTE: The data set WORK.MODELTEMP_INFO has 0 observations and 3 variables.
NOTE: DATA statement used (Total process time):
      real time           0.01 seconds
      cpu time            0.00 seconds
      

11948  data EMWS1.Neural_EMINFO;
11949  length TARGET KEY $32 DATA $43;
11950  input TARGET KEY DATA $;
11951  cards;

NOTE: The data set EMWS1.NEURAL_EMINFO has 3 observations and 3 variables.
NOTE: DATA statement used (Total process time):
      real time           0.04 seconds
      cpu time            0.01 seconds
      

11955  run;
11956  data EMWS1.Neural_EMINFO;
11957  set EMWS1.Neural_EMINFO WORK.MODELTEMP_INFO;
11958  run;

NOTE: There were 3 observations read from the data set EMWS1.NEURAL_EMINFO.
NOTE: There were 0 observations read from the data set WORK.MODELTEMP_INFO.
NOTE: The data set EMWS1.NEURAL_EMINFO has 3 observations and 3 variables.
NOTE: DATA statement used (Total process time):
      real time           0.03 seconds
      cpu time            0.01 seconds
      

11959  proc sort data = EMWS1.Neural_EMINFO NOTHREADS;
11960  by TARGET KEY;
11961  run;

NOTE: There were 3 observations read from the data set EMWS1.NEURAL_EMINFO.
NOTE: The data set EMWS1.NEURAL_EMINFO has 3 observations and 3 variables.
NOTE: PROCEDURE SORT used (Total process time):
      real time           0.03 seconds
      cpu time            0.01 seconds
      

NOTE: View EMWS1.NEURAL_TRAIN.VIEW used (Total process time):
      real time           0.09 seconds
      cpu time            0.07 seconds
      
NOTE: View EMWS1.NEURAL_TEST.VIEW used (Total process time):
      real time           0.07 seconds
      cpu time            0.07 seconds
      
