*------------------------------------------------------------*
* Report Log
Date:                04,June,2022
Time:                21:12:21
*------------------------------------------------------------*
11838  data WORK.DMREGTEMP;
11839  merge EMWS1.Reg_EMESTIMATE EMWS1.Reg_FITTEST;
11840  run;

NOTE: There were 3 observations read from the data set EMWS1.REG_EMESTIMATE.
NOTE: There were 1 observations read from the data set EMWS1.REG_FITTEST.
NOTE: The data set WORK.DMREGTEMP has 3 observations and 39 variables.
NOTE: DATA statement used (Total process time):
      real time           0.00 seconds
      cpu time            0.00 seconds
      

11841  data EMWS1.Reg_EMOUTFIT;
11842  length TARGET $32;
11843  set WORK.DMREGTEMP end=eof;
11844  where (_TYPE_='PARMS');
11845  drop _TYPE_--vehicle_classCATEGORY_C;
11846  if eof then do;
11847  TARGET = "Adj_Prem";
11848  output;
11849  end;
11850  run;

NOTE: There were 1 observations read from the data set WORK.DMREGTEMP.
      WHERE _TYPE_='PARMS';
NOTE: The data set EMWS1.REG_EMOUTFIT has 1 observations and 33 variables.
NOTE: DATA statement used (Total process time):
      real time           0.01 seconds
      cpu time            0.00 seconds
      

11851  data EMWS1.Reg_EMOUTFIT;
11852  set EMWS1.Reg_EMOUTFIT;
11853  length TargetLabel $200;
11854  label targetLabel = "%sysfunc(sasmsg(sashelp.dmine, meta_targetlabel_vlabel, NOQUOTE))";
11855  run;

NOTE: Variable TargetLabel is uninitialized.
NOTE: There were 1 observations read from the data set EMWS1.REG_EMOUTFIT.
NOTE: The data set EMWS1.REG_EMOUTFIT has 1 observations and 34 variables.
NOTE: DATA statement used (Total process time):
      real time           0.01 seconds
      cpu time            0.01 seconds
      

11856  proc sort data=EMWS1.Reg_EMREPORTFIT nothreads;
11857  by TARGET;
11858  run;

NOTE: There were 19 observations read from the data set EMWS1.REG_EMREPORTFIT.
NOTE: The data set EMWS1.REG_EMREPORTFIT has 19 observations and 7 variables.
NOTE: PROCEDURE SORT used (Total process time):
      real time           0.01 seconds
      cpu time            0.00 seconds
      

11859  %let _EMwarndup = 0;
11860  %let _EMtargetdup =;
11861  %let _EMASEtargetdup =;
11862  data _null_;
11863  set EMWS1.Reg_EMOUTFIT;
11864  if .<_ASE_<0.000001 then do;
11865  call symput('_EMwarndup', '1');
11866  call symput('_EMtargetdup', target);
11867  call symput('_EMASEtargetdup', put(_ASE_, best.));
11868  end;
11869  run;

NOTE: There were 1 observations read from the data set EMWS1.REG_EMOUTFIT.
NOTE: DATA statement used (Total process time):
      real time           0.01 seconds
      cpu time            0.01 seconds
      

11870  proc sort data=EMWS1.Part_CMeta_TRAIN out=WORK.SUBSETINMETA;
11871  by NAME;
11872  run;

NOTE: There were 5 observations read from the data set EMWS1.PART_CMETA_TRAIN.
NOTE: The data set WORK.SUBSETINMETA has 5 observations and 20 variables.
NOTE: PROCEDURE SORT used (Total process time):
      real time           0.01 seconds
      cpu time            0.01 seconds
      

11873  proc sort data=EMWS1.Reg_VariableSet out=WORK.SUBSETVARSET(keep=NAME REPORT);
11874  by NAME;
11875  run;

NOTE: There were 3 observations read from the data set EMWS1.REG_VARIABLESET.
NOTE: The data set WORK.SUBSETVARSET has 3 observations and 2 variables.
NOTE: PROCEDURE SORT used (Total process time):
      real time           0.00 seconds
      cpu time            0.00 seconds
      

11876  data WORK.ASSESS_META;
11877  merge WORK.SUBSETINMETA WORK.SUBSETVARSET;
11878  by NAME;
11879  run;

NOTE: There were 5 observations read from the data set WORK.SUBSETINMETA.
NOTE: There were 3 observations read from the data set WORK.SUBSETVARSET.
NOTE: The data set WORK.ASSESS_META has 5 observations and 20 variables.
NOTE: DATA statement used (Total process time):
      real time           0.01 seconds
      cpu time            0.01 seconds
      

11880  data EM_temp_assessMeta;
11881  set EMWS1.Reg_CMeta_TRAIN;
11882  where role in('DECISION', 'PREDICT', 'RESIDUAL', 'CLASSIFICATION', 'ASSESS', 'COST');
11883  run;

NOTE: There were 3 observations read from the data set EMWS1.REG_CMETA_TRAIN.
      WHERE role in ('ASSESS', 'CLASSIFICATION', 'COST', 'DECISION', 'PREDICT', 'RESIDUAL');
NOTE: The data set WORK.EM_TEMP_ASSESSMETA has 3 observations and 21 variables.
NOTE: DATA statement used (Total process time):
      real time           0.01 seconds
      cpu time            0.01 seconds
      

11884  data EM_temp_assessdata;
11885  set EMWS1.Reg_TRAIN(keep=
11886  P_Adj_Prem
11887  R_Adj_Prem
11888  _WARN_
11889  Adj_Prem
11890  );
11891  run;

NOTE: View EMWS1.REG_TRAIN.VIEW used (Total process time):
      real time           0.07 seconds
      cpu time            0.07 seconds
      
NOTE: There were 409 observations read from the data set EMWS1.PART_TRAIN.
NOTE: There were 409 observations read from the data set EMWS1.REG_TRAIN.
NOTE: The data set WORK.EM_TEMP_ASSESSDATA has 409 observations and 4 variables.
NOTE: DATA statement used (Total process time):
      real time           0.07 seconds
      cpu time            0.07 seconds
      








16222  %let _cn = %sysfunc(getoption(CENTER));
16223  options nocenter;
16224  proc print data=EMWS1.Reg_EMREPORTFIT noobs label;
16225  var STAT LABEL TRAIN
16226  TEST
16227  ;
16228  by TARGET TARGETLABEL;
16229  title9 ' ';
16230  title10 "%sysfunc(sasmsg(sashelp.dmine, rpt_fitstat_title  , NOQUOTE))";
16231  run;

NOTE: There were 19 observations read from the data set EMWS1.REG_EMREPORTFIT.
NOTE: The PROCEDURE PRINT printed page 4.
NOTE: PROCEDURE PRINT used (Total process time):
      real time           0.00 seconds
      cpu time            0.00 seconds
      

16232  title10;
16233  options &_cn;

16234  proc datasets library=EMWS1 nolist;
16235  modify Reg_EMRANK;
16236  label target = "%sysfunc(sasmsg(sashelp.dmine, rpt_targetvar_vlabel ,   NOQUOTE))";
16237  label datarole = "%sysfunc(sasmsg(sashelp.dmine, rpt_datarole_vlabel ,    NOQUOTE))";
16238  run;

NOTE: MODIFY was successful for EMWS1.REG_EMRANK.DATA.
16239  quit;

NOTE: PROCEDURE DATASETS used (Total process time):
      real time           0.01 seconds
      cpu time            0.01 seconds
      

16240  %let _cn = %sysfunc(getoption(CENTER));
16241  options nocenter;
16242  proc print data=EMWS1.Reg_EMRANK label noobs;
16243  var
16244  decile N _targetMean_ _meanP_;
16245  by
16246  notsorted DATAROLE
16247  notsorted TARGET
16248  notsorted TARGETLABEL
16249  ;
16250  title9 ' ';
16251  title10 "%sysfunc(sasmsg(sashelp.dmine, rpt_scoreranking_title , NOQUOTE))";
16252  run;

NOTE: There were 20 observations read from the data set EMWS1.REG_EMRANK.
NOTE: The PROCEDURE PRINT printed page 5.
NOTE: PROCEDURE PRINT used (Total process time):
      real time           0.00 seconds
      cpu time            0.00 seconds
      

16253  title10;
16254  options &_cn;

16255  proc datasets library=EMWS1 nolist;
16256  modify Reg_EMSCOREDIST;
16257  label target = "%sysfunc(sasmsg(sashelp.dmine, rpt_targetvar_vlabel ,      NOQUOTE))";
16258  label datarole = "%sysfunc(sasmsg(sashelp.dmine, rpt_datarole_vlabel ,    NOQUOTE))";
16259  run;

NOTE: MODIFY was successful for EMWS1.REG_EMSCOREDIST.DATA.
16260  quit;

NOTE: PROCEDURE DATASETS used (Total process time):
      real time           0.01 seconds
      cpu time            0.01 seconds
      

