*------------------------------------------------------------*
* Report Log
Date:                04,June,2022
Time:                21:19:41
*------------------------------------------------------------*
16575  %let EMEXCEPTIONSTRING=;
16576  *------------------------------------------------------------*;
16577  * REPORT: FIMPORT3;
16578  *------------------------------------------------------------*;
16579  %let EM_ACTION = REPORT;
16580  %let syscc = 0;
16581  /* Fimport.source */
16582  %macro main;
16583        %if %upcase(&EM_ACTION) = CREATE %then %do;
16584           filename temp catalog 'sashelp.emsamp.Fimport_create.source';
16585           %include temp;
16586           filename temp;
16587           %create;
16588        %end;
16589        %else
16590        %if %upcase(&EM_ACTION) = TRAIN %then %do;
16591           filename temp catalog 'sashelp.emsamp.Fimport_train.source';
16592           %include temp;
16593           filename temp;
16594           %train;
16595        %end;
16596        %else
16597        %if %upcase(&EM_ACTION) = UPDATE %then %do;
16598           filename temp catalog 'sashelp.emsamp.Fimport_update.source';
16599           %include temp;
16600           filename temp;
16601           %update;
16602        %end;
16603        %else
16604        %if %upcase(&EM_ACTION) = PROPERTY %then %do;
16605           filename temp catalog 'sashelp.emsamp.Fimport_actions.source';
16606           %include temp;
16607           filename temp;
16608           %property;
16609        %end;
16610         %else
16611        %if %upcase(&EM_ACTION) = SCORE %then %do;
16612           filename temp catalog 'sashelp.emsamp.Fimport_score.source';
16613           %include temp;
16614           filename temp;
16615           %score;
16616        %end;
16617        %else
16618        %if %upcase(&EM_ACTION) = REPORT %then %do;
16619           filename temp catalog 'sashelp.emsamp.Fimport_report.source';
16620           %include temp;
16621           filename temp;
16622           %report;
16623        %end;
16624        %else
16625        %if %upcase(&EM_ACTION) = OPENVARIABLESET %then %do;
16626           filename temp catalog 'sashelp.emsamp.Fimport_actions.source';
16627           %include temp;
16628           filename temp;
16629           %openvariableset;
16630        %end;
16631        %else
16632        %if %upcase(&EM_ACTION) = CLOSEVARIABLESET %then %do;
16633           filename temp catalog 'sashelp.emsamp.Fimport_actions.source';
16634           %include temp;
16635           filename temp;
16636           %closevariableset;
16637        %end;
16638  %mend main;
16639  %main;
NOTE: %INCLUDE (level 1) file TEMP is file SASHELP.EMSAMP.FIMPORT_REPORT.SOURCE.
16640 +%macro report;
16641 +    %em_getname(key=EMSTAT,     type=DATA);
16642 +    %em_getname(key=EMINFO,     type=DATA);
16643 +    %em_getname(key=CLASS,      type=DATA);
16644 +    %em_getname(key=INTERVAL,   type=DATA);
16645 +
16646 +    %em_REPORT(key=EMSTAT,   viewtype=DATA, description=EMSTAT, block=Report, autodisplay=Y);
16647 +    %em_REPORT(key=INTERVAL, viewtype=LATTICE, LATTICETYPE=HISTOGRAM, LATTICEX=VARIABLE, DISCRETEX=Y, X=VALUE,FREQ=PERCENT,block=Report, description=INTERVALTARGET, autodisplay=N);
16648 +    %em_REPORT(key=CLASS, viewtype=LATTICE, LATTICEtype=BAR, LATTICEX=VARIABLE, X=VALUE,FREQ=PERCENT, block=Report, description=CLASSTARGET, autodisplay=Y);
16649 +
16650 +    %if &em_property_summarize eq Y %then %do;
16651 +        filename temp catalog 'sashelp.emmeta.emadvisestatistics.source';
16652 +        %include temp;
16653 +        filename temp;
16654 +
16655 +        data work.tempmeta;
16656 +           set &em_lib..&em_nodeid._CMETA_TRAIN;
16657 +           if ROLE='TARGET' and LEVEL ne 'INTERVAL' then output;
16658 +         run;
16659 +
16660 +        %class_profile(DATA=&em_export_train, OUTPUT=&em_user_class, VARS=,
16661 +                      METADATA=tempmeta, STAT=_STAT, FREQ=);
16662 +
16663 +         data work.tempmeta;
16664 +           set &em_lib..&em_nodeid._CMETA_TRAIN;
16665 +            if ROLE='TARGET' and LEVEL eq 'INTERVAL' then output;
16666 +         run;
16667 +         %var_profile(DATA=&em_export_train, OUTPUT=&em_user_INTERVAL, VARS=, METADATA=tempmeta, COMPUTESTAT=Y, STAT=_STAT, FREQ=,
16668 +                   BINDATA=, BIN=Y, NUMBARS=8, MINMAX=N);
16669 +
16670 +        data work.tempmeta;
16671 +           set &em_lib..&em_nodeid._CMETA_TRAIN;
16672 +        run;
16673 +
16674 +        %if "&em_property_advancedadvisor" eq "N" %then %do;
16675 +            %EmAdviseStat(&em_export_train, maxClassLevels=32, metadata=tempmeta, statisticData=&em_user_emstat);
16676 +
16677 +            data &em_data_exportset;
16678 +                 set &em_data_exportset;
16679 +                 if NODEPORT='TRAIN' then do;
16680 +                    EMINFO="&em_data_eminfo";
16681 +                    EMINFOMODTIME=datetime();
16682 +                 end;
16683 +            run;
16684 +        %end;
16685 +        %else %do;
16686 +            %em_getname(key=EMSTATDEFAULT,     type=DATA);
16687 +            %if %sysfunc(exist(&em_user_emstatdefault)) %then %do;
16688 +                data &em_user_emstat /  view=&em_user_emstat;
16689 +                   set &em_user_emstatdefault;
16690 +                run;
16691 +            %end;
16692 +        %end;
16693 +    %end;
16694 +    %else %do;
16695 +        %if "&em_property_advancedadvisor" eq "N" %then %do;
16696 +            proc datasets lib=&em_lib nolist;
16697 +               delete &em_nodeid._EMINFO;
16698 +            run;
16699 +            quit;
16700 +            data &em_data_exportset;
16701 +                 set &em_data_exportset;
16702 +                 if NODEPORT='TRAIN' then do;
16703 +                    EMINFO="";
16704 +                    EMINFOMODTIME=.;
16705 +                 end;
16706 +            run;
16707 +        %end;
16708 +    %end;
16709 +
16710 +    data &em_data_exportset;
16711 +       set &em_data_exportset;
16712 +       if NODEPORT='TRAIN' then do;
16713 +          ROLE="&em_property_role";
16714 +       end;
16715 +    run;
16716 +
16717 +    %if %sysfunc(exist(&em_data_variableSet)) %then %do;
16718 +        proc freq data=&em_data_variableset noprint;
16719 +             table ROLE*LEVEL/out=work.tempMeta;
16720 +        run;
16721 +        proc print data=work.tempmeta label noobs;
16722 +           var ROLE LEVEL COUNT;
16723 +           label ROLE  = "%sysfunc(sasmsg(sashelp.dmine, meta_role_vlabel, NOQUOTE))"
16724 +                 LEVEL = "%sysfunc(sasmsg(sashelp.dmine, meta_level_vlabel, NOQUOTE))"
16725 +                 COUNT = "%sysfunc(sasmsg(sashelp.dmine, rpt_count_vlabel, NOQUOTE))";
16726 +        title9  ' ';
16727 +        title10  "%sysfunc(sasmsg(sashelp.dmine, rpt_exptattributes_title, NOQUOTE, TRAIN))";
16728 +        run;
16729 +        title10;
16730 +    %end;
16731 +
16732 +    %if %sysfunc(exist(work.tempmeta)) %then %do;
16733 +        proc datasets lib=work nolist;
16734 +           delete tempmeta;
16735 +        run;
16736 +        quit;
16737 +    %end;
16738 +
16739 +%mend report;
16740 +
16741 +
16742 +
16743 +
16744 +
16745 +
16746 +
16747 +
16748 +
16749 +
16750 +
16751 +
16752 +
16753 +
16754 +
16755 +
16756 +
16757 +
16758 +
16759 +
16760 +
16761 +
16762 +
16763 +
16764 +
16765 +
16766 +
16767 +
16768 +
16769 +
16770 +
16771 +
16772 +
16773 +
16774 +
16775 +
16776 +
16777 +
16778 +
16779 +
16780 +
16781 +
16782 +
16783 +
16784 +
16785 +
16786 +
16787 +
NOTE: %INCLUDE (level 1) ending.
NOTE: Fileref TEMP has been deassigned.

NOTE: The data set WORK.EM_USER_REPORT has 132 observations and 4 variables.
NOTE: DATA statement used (Total process time):
      real time           0.03 seconds
      cpu time            0.03 seconds
      


NOTE: There were 132 observations read from the data set WORK.EM_USER_REPORT.
NOTE: The data set WORK.EM_USER_REPORT has 264 observations and 4 variables.
NOTE: DATA statement used (Total process time):
      real time           0.03 seconds
      cpu time            0.01 seconds
      


NOTE: There were 264 observations read from the data set WORK.EM_USER_REPORT.
NOTE: The data set WORK.EM_USER_REPORT has 396 observations and 4 variables.
NOTE: DATA statement used (Total process time):
      real time           0.03 seconds
      cpu time            0.03 seconds
      


NOTE: The file EMWS1.FIMPORT3_EMINFO (memtype=DATA) was not found, but appears on a DELETE statement.

NOTE: PROCEDURE DATASETS used (Total process time):
      real time           0.03 seconds
      cpu time            0.03 seconds
      


NOTE: There were 6 observations read from the data set EMWS1.FIMPORT3_EXPORTSET.
NOTE: The data set EMWS1.FIMPORT3_EXPORTSET has 6 observations and 18 variables.
NOTE: DATA statement used (Total process time):
      real time           0.00 seconds
      cpu time            0.00 seconds
      


NOTE: There were 6 observations read from the data set EMWS1.FIMPORT3_EXPORTSET.
NOTE: The data set EMWS1.FIMPORT3_EXPORTSET has 6 observations and 18 variables.
NOTE: DATA statement used (Total process time):
      real time           0.01 seconds
      cpu time            0.00 seconds
      


NOTE: There were 4 observations read from the data set EMWS1.FIMPORT3_VARIABLESET.
NOTE: The data set WORK.TEMPMETA has 4 observations and 4 variables.
NOTE: PROCEDURE FREQ used (Total process time):
      real time           0.03 seconds
      cpu time            0.01 seconds
      


NOTE: There were 4 observations read from the data set WORK.TEMPMETA.
NOTE: The PROCEDURE PRINT printed page 3.
NOTE: PROCEDURE PRINT used (Total process time):
      real time           0.01 seconds
      cpu time            0.01 seconds
      


NOTE: Deleting WORK.TEMPMETA (memtype=DATA).

NOTE: PROCEDURE DATASETS used (Total process time):
      real time           0.00 seconds
      cpu time            0.00 seconds
      

16788  *------------------------------------------------------------*;
16789  * End REPORT: FIMPORT3;
16790  *------------------------------------------------------------*;

16791  /* Reset EM Options */
16792  options formchar="|----|+|---+=|-/\<>*";
16793  options nocenter ls=256 ps=10000;
16794  goptions reset=all device=GIF NODISPLAY;

16795  proc sort data=WORK.EM_USER_REPORT;
16796  by ID VIEW;
16797  run;

NOTE: There were 396 observations read from the data set WORK.EM_USER_REPORT.
NOTE: The data set WORK.EM_USER_REPORT has 396 observations and 4 variables.
NOTE: PROCEDURE SORT used (Total process time):
      real time           0.00 seconds
      cpu time            0.00 seconds
      

