 
                                                                                                                                                                                                                                                                
 
 
Variable Summary

          Measurement    Frequency
 Role        Level         Count

INPUT      INTERVAL          1    
INPUT      NOMINAL           1    
TARGET     INTERVAL          1    
TIMEID     INTERVAL          1    
 
                                                                                                                                                                                                                                                                
 
 

The CONTENTS Procedure

Data Set Name        EMWS1.FIMPORT3_DATA           Observations          292
Member Type          DATA                          Variables             4  
Engine               V9                            Indexes               0  
Created              04/06/2022 21:19:39           Observation Length    40 
Last Modified        04/06/2022 21:19:39           Deleted Observations  0  
Protection                                         Compressed            NO 
Data Set Type                                      Sorted                NO 
Label                                                                       
Data Representation  WINDOWS_64                                             
Encoding             wlatin1  Western (Windows)                             


                                   Engine/Host Dependent Information

Data Set Page Size          65536                                                                       
Number of Data Set Pages    1                                                                           
First Data Page             1                                                                           
Max Obs per Page            1632                                                                        
Obs in First Data Page      292                                                                         
Number of Data Set Repairs  0                                                                           
ExtendObsCounter            YES                                                                         
Filename                    C:\Users\2001231F\Desktop\Predictive\Workspaces\EMWS1\fimport3_data.sas7bdat
Release Created             9.0401M3                                                                    
Host Created                X64_8PRO                                                                    


         Alphabetic List of Variables and Attributes
 
#    Variable          Type    Len    Format       Informat

4    Adj_Prem          Num       8    BEST12.      BEST32.  
3    Adjusted_Quota    Num       8    BEST12.      BEST32.  
1    Date              Num       8    MMDDYY10.    MMDDYY10.
2    vehicle_class     Char     10    $10.         $10.     
