 
                                                                                                                                                                                                                                                                
 
 
Fit Statistics

Target=Adj_Prem Target Label=' '

   Fit
Statistics    Statistics Label                            Train             Test

 _DFT_        Total Degrees of Freedom                   102.00              .  
 _DFE_        Degrees of Freedom for Error                92.00              .  
 _DFM_        Model Degrees of Freedom                    10.00              .  
 _NW_         Number of Estimated Weights                 10.00              .  
 _AIC_        Akaike's Information Criterion            1904.68              .  
 _SBC_        Schwarz's Bayesian Criterion              1930.93              .  
 _ASE_        Average Squared Error                105820667.88     180753237.67
 _MAX_        Maximum Absolute Error                   26280.87         37387.86
 _DIV_        Divisor for ASE                            102.00            44.00
 _NOBS_       Sum of Frequencies                         102.00            44.00
 _RASE_       Root Average Squared Error               10286.92         13444.45
 _SSE_        Sum of Squared Errors              10793708123.54    7953142457.43
 _SUMW_       Sum of Case Weights Times Freq             102.00            44.00
 _FPE_        Final Prediction Error               128825160.89              .  
 _MSE_        Mean Squared Error                   117322914.39     180753237.67
 _RFPE_       Root Final Prediction Error              11350.12              .  
 _RMSE_       Root Mean Squared Error                  10831.57         13444.45
 _AVERR_      Average Error Function               105820667.88     180753237.67
 _ERR_        Error Function                     10793708123.54    7953142457.43
 _MISC_       Misclassification Rate                        .                .  
 _WRONG_      Number of Wrong Classifications               .                .  
 
                                                                                                                                                                                                                                                                
 
 
Assessment Score Rankings

Data Role=TRAIN Target Variable=Adj_Prem Target Label=' '

           Number of       Mean         Mean
Depth    Observations     Target     Predicted

   5          14         81576.11     83491.66
  15           4         84061.00     83491.66
  20           3         90137.33     81954.45
  25           5         71482.90     70440.88
  30           5         75689.10     69926.78
  35           5         65840.00     69926.55
  40           5         73639.30     69926.27
  45           6         68165.50     69915.68
  50           4         62194.38     69847.58
  55           7         62229.71     61449.38
  60           4         50165.00     50385.66
  65           5         43436.00     45926.03
  70           5         40686.80     45780.16
  75           5         48796.70     45736.33
  80           5         45469.00     45734.38
  85           5         53106.00     45412.69
  90           5         42878.50     43850.10
  95           5         40547.90     40706.95
 100           5         33042.60     33948.07
 
                                                                                                                                                                                                                                                                
 
 
Assessment Score Distribution

Data Role=TRAIN Target Variable=Adj_Prem Target Label=' '

                            Mean         Mean        Number of       Model
 Range for Predicted       Target     Predicted    Observations      Score

80850.714 -  83491.660    83490.83     83491.66         20         82171.19
78209.768 -  80850.714    78905.00     78880.04          1         79530.24
70286.930 -  72927.876    71528.50     71172.98          2         71607.40
67645.984 -  70286.930    69782.45     69851.53         30         68966.46
65005.037 -  67645.984    71650.50     65717.37          1         66325.51
57082.199 -  59723.145    40257.00     58332.48          1         58402.67
54441.253 -  57082.199    59399.00     56063.57          3         55761.73
51800.307 -  54441.253    59400.50     53703.43          1         53120.78
49159.361 -  51800.307    51432.25     50779.80          2         50479.83
43877.469 -  46518.415    45825.17     45576.83         29         45197.94
41236.523 -  43877.469    38808.80     42600.00          5         42557.00
38595.577 -  41236.523    38650.00     39530.48          1         39916.05
35954.631 -  38595.577    41858.50     36783.64          3         37275.10
33313.685 -  35954.631    31905.00     34902.52          1         34634.16
30672.739 -  33313.685    29554.00     31120.57          2         31993.21
