*------------------------------------------------------------*
* Score Log
Date:                04,June,2022
Time:                21:15:02
*------------------------------------------------------------*
NOTE: This SAS session is using a registry in WORK.  All changes will be lost at the end of this session.
11253  data work.outkey;
11254  set EMWS1.Neural3_OUTKEY;
11255  if upcase(ROLE) = 'HIDDEN';
11256  run;

NOTE: There were 8 observations read from the data set EMWS1.NEURAL3_OUTKEY.
NOTE: The data set WORK.OUTKEY has 3 observations and 8 variables.
NOTE: DATA statement used (Total process time):
      real time           0.01 seconds
      cpu time            0.01 seconds
      

11257  filename emflow "C:\Users\2001231F\Desktop\Predictive\Workspaces\EMWS1\Neural3\EMFLOWSCORE.sas";
11258  *------------------------------------------------------------*;
11259  * Neural3: Scoring DATA data;
11260  *------------------------------------------------------------*;
11261  data EMWS1.Neural3_TRAIN
11262  / view=EMWS1.Neural3_TRAIN
11263  ;
11264  set EMWS1.Part2_TRAIN
11265  ;
11266  %inc emflow;
11369  run;

NOTE: DATA STEP view saved on file EMWS1.NEURAL3_TRAIN.
NOTE: A stored DATA STEP view cannot run under a different operating system.
NOTE: DATA statement used (Total process time):
      real time           0.01 seconds
      cpu time            0.01 seconds
      

11370  quit;
11371  filename emflow;
NOTE: Fileref EMFLOW has been deassigned.

11372  filename emflow "C:\Users\2001231F\Desktop\Predictive\Workspaces\EMWS1\Neural3\EMFLOWSCORE.sas";
11373  *------------------------------------------------------------*;
11374  * Neural3: Scoring TEST data;
11375  *------------------------------------------------------------*;
11376  data EMWS1.Neural3_TEST
11377  / view=EMWS1.Neural3_TEST
11378  ;
11379  set EMWS1.Part2_TEST
11380  ;
11381  %inc emflow;
11484  run;

NOTE: DATA STEP view saved on file EMWS1.NEURAL3_TEST.
NOTE: A stored DATA STEP view cannot run under a different operating system.
NOTE: DATA statement used (Total process time):
      real time           0.01 seconds
      cpu time            0.01 seconds
      

11485  quit;
11486  filename emflow;
NOTE: Fileref EMFLOW has been deassigned.

11487  *------------------------------------------------------------*;
11488  * Neural3: Computing metadata for TRAIN data;
11489  *------------------------------------------------------------*;

NOTE: View EMWS1.NEURAL3_TRAIN.VIEW used (Total process time):
      real time           0.09 seconds
      cpu time            0.09 seconds
      
11834  data EMWS1.Neural3_EMINFO;
11835  length TARGET KEY $32 DATA $43;
11836  input TARGET KEY DATA $;
11837  cards;

NOTE: The data set EMWS1.NEURAL3_EMINFO has 3 observations and 3 variables.
NOTE: DATA statement used (Total process time):
      real time           0.00 seconds
      cpu time            0.00 seconds
      

11841  run;
11842  proc sort data = EMWS1.Neural3_EMINFO NOTHREADS;
11843  by TARGET KEY;
11844  run;

NOTE: There were 3 observations read from the data set EMWS1.NEURAL3_EMINFO.
NOTE: The data set EMWS1.NEURAL3_EMINFO has 3 observations and 3 variables.
NOTE: PROCEDURE SORT used (Total process time):
      real time           0.01 seconds
      cpu time            0.00 seconds
      

NOTE: View EMWS1.NEURAL3_TRAIN.VIEW used (Total process time):
      real time           0.07 seconds
      cpu time            0.07 seconds
      
NOTE: View EMWS1.NEURAL3_TEST.VIEW used (Total process time):
      real time           0.06 seconds
      cpu time            0.06 seconds
      
