*------------------------------------------------------------*
* Report Log
Date:                04,June,2022
Time:                21:20:03
*------------------------------------------------------------*
11798  data WORK.DMREGTEMP;
11799  merge EMWS1.Reg3_EMESTIMATE EMWS1.Reg3_FITTEST;
11800  run;

NOTE: There were 3 observations read from the data set EMWS1.REG3_EMESTIMATE.
NOTE: There were 1 observations read from the data set EMWS1.REG3_FITTEST.
NOTE: The data set WORK.DMREGTEMP has 3 observations and 37 variables.
NOTE: DATA statement used (Total process time):
      real time           0.00 seconds
      cpu time            0.00 seconds
      

11801  data EMWS1.Reg3_EMOUTFIT;
11802  length TARGET $32;
11803  set WORK.DMREGTEMP end=eof;
11804  where (_TYPE_='PARMS');
11805  drop _TYPE_--vehicle_classCATEGORY_B;
11806  if eof then do;
11807  TARGET = "Adj_Prem";
11808  output;
11809  end;
11810  run;

NOTE: There were 1 observations read from the data set WORK.DMREGTEMP.
      WHERE _TYPE_='PARMS';
NOTE: The data set EMWS1.REG3_EMOUTFIT has 1 observations and 33 variables.
NOTE: DATA statement used (Total process time):
      real time           0.01 seconds
      cpu time            0.01 seconds
      

11811  data EMWS1.Reg3_EMOUTFIT;
11812  set EMWS1.Reg3_EMOUTFIT;
11813  length TargetLabel $200;
11814  label targetLabel = "%sysfunc(sasmsg(sashelp.dmine, meta_targetlabel_vlabel, NOQUOTE))";
11815  run;

NOTE: Variable TargetLabel is uninitialized.
NOTE: There were 1 observations read from the data set EMWS1.REG3_EMOUTFIT.
NOTE: The data set EMWS1.REG3_EMOUTFIT has 1 observations and 34 variables.
NOTE: DATA statement used (Total process time):
      real time           0.01 seconds
      cpu time            0.01 seconds
      

11816  proc sort data=EMWS1.Reg3_EMREPORTFIT nothreads;
11817  by TARGET;
11818  run;

NOTE: There were 19 observations read from the data set EMWS1.REG3_EMREPORTFIT.
NOTE: The data set EMWS1.REG3_EMREPORTFIT has 19 observations and 7 variables.
NOTE: PROCEDURE SORT used (Total process time):
      real time           0.01 seconds
      cpu time            0.00 seconds
      

11819  %let _EMwarndup = 0;
11820  %let _EMtargetdup =;
11821  %let _EMASEtargetdup =;
11822  data _null_;
11823  set EMWS1.Reg3_EMOUTFIT;
11824  if .<_ASE_<0.000001 then do;
11825  call symput('_EMwarndup', '1');
11826  call symput('_EMtargetdup', target);
11827  call symput('_EMASEtargetdup', put(_ASE_, best.));
11828  end;
11829  run;

NOTE: There were 1 observations read from the data set EMWS1.REG3_EMOUTFIT.
NOTE: DATA statement used (Total process time):
      real time           0.01 seconds
      cpu time            0.01 seconds
      

11830  proc sort data=EMWS1.Part3_CMeta_TRAIN out=WORK.SUBSETINMETA;
11831  by NAME;
11832  run;

NOTE: There were 5 observations read from the data set EMWS1.PART3_CMETA_TRAIN.
NOTE: The data set WORK.SUBSETINMETA has 5 observations and 20 variables.
NOTE: PROCEDURE SORT used (Total process time):
      real time           0.00 seconds
      cpu time            0.00 seconds
      

11833  proc sort data=EMWS1.Reg3_VariableSet out=WORK.SUBSETVARSET(keep=NAME REPORT);
11834  by NAME;
11835  run;

NOTE: There were 3 observations read from the data set EMWS1.REG3_VARIABLESET.
NOTE: The data set WORK.SUBSETVARSET has 3 observations and 2 variables.
NOTE: PROCEDURE SORT used (Total process time):
      real time           0.00 seconds
      cpu time            0.00 seconds
      

11836  data WORK.ASSESS_META;
11837  merge WORK.SUBSETINMETA WORK.SUBSETVARSET;
11838  by NAME;
11839  run;

NOTE: There were 5 observations read from the data set WORK.SUBSETINMETA.
NOTE: There were 3 observations read from the data set WORK.SUBSETVARSET.
NOTE: The data set WORK.ASSESS_META has 5 observations and 20 variables.
NOTE: DATA statement used (Total process time):
      real time           0.00 seconds
      cpu time            0.00 seconds
      

11840  data EM_temp_assessMeta;
11841  set EMWS1.Reg3_CMeta_TRAIN;
11842  where role in('DECISION', 'PREDICT', 'RESIDUAL', 'CLASSIFICATION', 'ASSESS', 'COST');
11843  run;

NOTE: There were 3 observations read from the data set EMWS1.REG3_CMETA_TRAIN.
      WHERE role in ('ASSESS', 'CLASSIFICATION', 'COST', 'DECISION', 'PREDICT', 'RESIDUAL');
NOTE: The data set WORK.EM_TEMP_ASSESSMETA has 3 observations and 21 variables.
NOTE: DATA statement used (Total process time):
      real time           0.00 seconds
      cpu time            0.00 seconds
      

11844  data EM_temp_assessdata;
11845  set EMWS1.Reg3_TRAIN(keep=
11846  P_Adj_Prem
11847  R_Adj_Prem
11848  _WARN_
11849  Adj_Prem
11850  );
11851  run;

NOTE: View EMWS1.REG3_TRAIN.VIEW used (Total process time):
      real time           0.04 seconds
      cpu time            0.04 seconds
      
NOTE: There were 204 observations read from the data set EMWS1.PART3_TRAIN.
NOTE: There were 204 observations read from the data set EMWS1.REG3_TRAIN.
NOTE: The data set WORK.EM_TEMP_ASSESSDATA has 204 observations and 4 variables.
NOTE: DATA statement used (Total process time):
      real time           0.04 seconds
      cpu time            0.04 seconds
      








16182  %let _cn = %sysfunc(getoption(CENTER));
16183  options nocenter;
16184  proc print data=EMWS1.Reg3_EMREPORTFIT noobs label;
16185  var STAT LABEL TRAIN
16186  TEST
16187  ;
16188  by TARGET TARGETLABEL;
16189  title9 ' ';
16190  title10 "%sysfunc(sasmsg(sashelp.dmine, rpt_fitstat_title  , NOQUOTE))";
16191  run;

NOTE: There were 19 observations read from the data set EMWS1.REG3_EMREPORTFIT.
NOTE: The PROCEDURE PRINT printed page 4.
NOTE: PROCEDURE PRINT used (Total process time):
      real time           0.00 seconds
      cpu time            0.00 seconds
      

16192  title10;
16193  options &_cn;

16194  proc datasets library=EMWS1 nolist;
16195  modify Reg3_EMRANK;
16196  label target = "%sysfunc(sasmsg(sashelp.dmine, rpt_targetvar_vlabel ,   NOQUOTE))";
16197  label datarole = "%sysfunc(sasmsg(sashelp.dmine, rpt_datarole_vlabel ,    NOQUOTE))";
16198  run;

NOTE: MODIFY was successful for EMWS1.REG3_EMRANK.DATA.
16199  quit;

NOTE: PROCEDURE DATASETS used (Total process time):
      real time           0.06 seconds
      cpu time            0.03 seconds
      

16200  %let _cn = %sysfunc(getoption(CENTER));
16201  options nocenter;
16202  proc print data=EMWS1.Reg3_EMRANK label noobs;
16203  var
16204  decile N _targetMean_ _meanP_;
16205  by
16206  notsorted DATAROLE
16207  notsorted TARGET
16208  notsorted TARGETLABEL
16209  ;
16210  title9 ' ';
16211  title10 "%sysfunc(sasmsg(sashelp.dmine, rpt_scoreranking_title , NOQUOTE))";
16212  run;

NOTE: There were 20 observations read from the data set EMWS1.REG3_EMRANK.
NOTE: The PROCEDURE PRINT printed page 5.
NOTE: PROCEDURE PRINT used (Total process time):
      real time           0.00 seconds
      cpu time            0.00 seconds
      

16213  title10;
16214  options &_cn;

16215  proc datasets library=EMWS1 nolist;
16216  modify Reg3_EMSCOREDIST;
16217  label target = "%sysfunc(sasmsg(sashelp.dmine, rpt_targetvar_vlabel ,      NOQUOTE))";
16218  label datarole = "%sysfunc(sasmsg(sashelp.dmine, rpt_datarole_vlabel ,    NOQUOTE))";
16219  run;

NOTE: MODIFY was successful for EMWS1.REG3_EMSCOREDIST.DATA.
16220  quit;

NOTE: PROCEDURE DATASETS used (Total process time):
      real time           0.01 seconds
      cpu time            0.01 seconds
      

