 
                                                                                                                                                                                                                                                                
 
 
Fit Statistics

Target=premium Target Label=' '

   Fit
Statistics    Statistics Label                             Train              Test

 _DFT_        Total Degrees of Freedom                    818.00               .  
 _DFE_        Degrees of Freedom for Error                790.00               .  
 _DFM_        Model Degrees of Freedom                     28.00               .  
 _NW_         Number of Estimated Weights                  28.00               .  
 _AIC_        Akaike's Information Criterion            15383.00               .  
 _SBC_        Schwarz's Bayesian Criterion              15514.80               .  
 _ASE_        Average Squared Error                 137230053.58      162944546.95
 _MAX_        Maximum Absolute Error                    36726.62          36958.03
 _DIV_        Divisor for ASE                             818.00            350.00
 _NOBS_       Sum of Frequencies                          818.00            350.00
 _RASE_       Root Average Squared Error                11714.52          12764.97
 _SSE_        Sum of Squared Errors              112254183829.99    57030591433.97
 _SUMW_       Sum of Case Weights Times Freq              818.00            350.00
 _FPE_        Final Prediction Error                146957753.58               .  
 _MSE_        Mean Squared Error                    142093903.58      162944546.95
 _RFPE_       Root Final Prediction Error               12122.61               .  
 _RMSE_       Root Mean Squared Error                   11920.31          12764.97
 _AVERR_      Average Error Function                137230053.58      162944546.95
 _ERR_        Error Function                     112254183829.99    57030591433.97
 _MISC_       Misclassification Rate                         .                 .  
 _WRONG_      Number of Wrong Classifications                .                 .  
 
                                                                                                                                                                                                                                                                
 
 
Assessment Score Rankings

Data Role=TRAIN Target Variable=premium Target Label=' '

           Number of       Mean         Mean
Depth    Observations     Target     Predicted

   5          41         81495.20     79805.25
  10          41         76895.27     76575.63
  15          41         72704.59     74841.45
  20          41         71209.24     71446.89
  25          41         67567.93     64665.99
  30          41         55537.24     57478.54
  35          41         50679.22     53693.63
  40          41         49253.46     50648.10
  45          41         53851.34     47600.13
  50          40         45125.70     47393.77
  55          41         44782.83     47388.96
  60          41         48354.71     46790.80
  65          41         46444.56     45196.39
  70          41         45179.17     44460.21
  75          41         42648.10     41831.42
  80          41         40678.59     39570.81
  85          41         33353.66     39226.64
  90          41         34171.44     39175.21
  95          81         42497.80     39172.15
 
                                                                                                                                                                                                                                                                
 
 
Assessment Score Distribution

Data Role=TRAIN Target Variable=premium Target Label=' '

                            Mean         Mean        Number of       Model
 Range for Predicted       Target     Predicted    Observations      Score

78273.377 -  80331.337    81416.12     79743.49          43        79302.36
76215.418 -  78273.377    75704.71     77040.48          24        77244.40
74157.459 -  76215.418    74290.17     75128.64          52        75186.44
72099.499 -  74157.459    73586.67     73129.96          21        73128.48
70041.540 -  72099.499    68697.50     71021.11          14        71070.52
67983.581 -  70041.540    71279.40     69130.59          15        69012.56
65925.621 -  67983.581    75807.80     66830.96          10        66954.60
63867.662 -  65925.621    63517.80     64714.14          10        64896.64
61809.703 -  63867.662    63494.89     62717.98           9        62838.68
59751.743 -  61809.703    63774.82     61006.27          11        60780.72
57693.784 -  59751.743    57266.25     58774.42          12        58722.76
55635.825 -  57693.784    50590.11     56733.22          19        56664.80
53577.865 -  55635.825    52350.56     54449.35          27        54606.84
51519.906 -  53577.865    52300.63     52715.00          38        52548.89
49461.947 -  51519.906    50057.78     50478.01           9        50490.93
47403.987 -  49461.947    51095.40     47858.22          58        48432.97
45346.028 -  47403.987    45522.76     46992.32         135        46375.01
43288.069 -  45346.028    45323.23     44606.36          74        44317.05
41230.109 -  43288.069    51612.67     41824.68          15        42259.09
39172.150 -  41230.109    38711.64     39385.26         222        40201.13
