*------------------------------------------------------------*
* Report Log
Date:                04,June,2022
Time:                20:50:39
*------------------------------------------------------------*
16567  %let EMEXCEPTIONSTRING=;
16568  *------------------------------------------------------------*;
16569  * REPORT: FIMPORT;
16570  *------------------------------------------------------------*;
16571  %let EM_ACTION = REPORT;
16572  %let syscc = 0;
16573  /* Fimport.source */
16574  %macro main;
16575        %if %upcase(&EM_ACTION) = CREATE %then %do;
16576           filename temp catalog 'sashelp.emsamp.Fimport_create.source';
16577           %include temp;
16578           filename temp;
16579           %create;
16580        %end;
16581        %else
16582        %if %upcase(&EM_ACTION) = TRAIN %then %do;
16583           filename temp catalog 'sashelp.emsamp.Fimport_train.source';
16584           %include temp;
16585           filename temp;
16586           %train;
16587        %end;
16588        %else
16589        %if %upcase(&EM_ACTION) = UPDATE %then %do;
16590           filename temp catalog 'sashelp.emsamp.Fimport_update.source';
16591           %include temp;
16592           filename temp;
16593           %update;
16594        %end;
16595        %else
16596        %if %upcase(&EM_ACTION) = PROPERTY %then %do;
16597           filename temp catalog 'sashelp.emsamp.Fimport_actions.source';
16598           %include temp;
16599           filename temp;
16600           %property;
16601        %end;
16602         %else
16603        %if %upcase(&EM_ACTION) = SCORE %then %do;
16604           filename temp catalog 'sashelp.emsamp.Fimport_score.source';
16605           %include temp;
16606           filename temp;
16607           %score;
16608        %end;
16609        %else
16610        %if %upcase(&EM_ACTION) = REPORT %then %do;
16611           filename temp catalog 'sashelp.emsamp.Fimport_report.source';
16612           %include temp;
16613           filename temp;
16614           %report;
16615        %end;
16616        %else
16617        %if %upcase(&EM_ACTION) = OPENVARIABLESET %then %do;
16618           filename temp catalog 'sashelp.emsamp.Fimport_actions.source';
16619           %include temp;
16620           filename temp;
16621           %openvariableset;
16622        %end;
16623        %else
16624        %if %upcase(&EM_ACTION) = CLOSEVARIABLESET %then %do;
16625           filename temp catalog 'sashelp.emsamp.Fimport_actions.source';
16626           %include temp;
16627           filename temp;
16628           %closevariableset;
16629        %end;
16630  %mend main;
16631  %main;
NOTE: %INCLUDE (level 1) file TEMP is file SASHELP.EMSAMP.FIMPORT_REPORT.SOURCE.
16632 +%macro report;
16633 +    %em_getname(key=EMSTAT,     type=DATA);
16634 +    %em_getname(key=EMINFO,     type=DATA);
16635 +    %em_getname(key=CLASS,      type=DATA);
16636 +    %em_getname(key=INTERVAL,   type=DATA);
16637 +
16638 +    %em_REPORT(key=EMSTAT,   viewtype=DATA, description=EMSTAT, block=Report, autodisplay=Y);
16639 +    %em_REPORT(key=INTERVAL, viewtype=LATTICE, LATTICETYPE=HISTOGRAM, LATTICEX=VARIABLE, DISCRETEX=Y, X=VALUE,FREQ=PERCENT,block=Report, description=INTERVALTARGET, autodisplay=N);
16640 +    %em_REPORT(key=CLASS, viewtype=LATTICE, LATTICEtype=BAR, LATTICEX=VARIABLE, X=VALUE,FREQ=PERCENT, block=Report, description=CLASSTARGET, autodisplay=Y);
16641 +
16642 +    %if &em_property_summarize eq Y %then %do;
16643 +        filename temp catalog 'sashelp.emmeta.emadvisestatistics.source';
16644 +        %include temp;
16645 +        filename temp;
16646 +
16647 +        data work.tempmeta;
16648 +           set &em_lib..&em_nodeid._CMETA_TRAIN;
16649 +           if ROLE='TARGET' and LEVEL ne 'INTERVAL' then output;
16650 +         run;
16651 +
16652 +        %class_profile(DATA=&em_export_train, OUTPUT=&em_user_class, VARS=,
16653 +                      METADATA=tempmeta, STAT=_STAT, FREQ=);
16654 +
16655 +         data work.tempmeta;
16656 +           set &em_lib..&em_nodeid._CMETA_TRAIN;
16657 +            if ROLE='TARGET' and LEVEL eq 'INTERVAL' then output;
16658 +         run;
16659 +         %var_profile(DATA=&em_export_train, OUTPUT=&em_user_INTERVAL, VARS=, METADATA=tempmeta, COMPUTESTAT=Y, STAT=_STAT, FREQ=,
16660 +                   BINDATA=, BIN=Y, NUMBARS=8, MINMAX=N);
16661 +
16662 +        data work.tempmeta;
16663 +           set &em_lib..&em_nodeid._CMETA_TRAIN;
16664 +        run;
16665 +
16666 +        %if "&em_property_advancedadvisor" eq "N" %then %do;
16667 +            %EmAdviseStat(&em_export_train, maxClassLevels=32, metadata=tempmeta, statisticData=&em_user_emstat);
16668 +
16669 +            data &em_data_exportset;
16670 +                 set &em_data_exportset;
16671 +                 if NODEPORT='TRAIN' then do;
16672 +                    EMINFO="&em_data_eminfo";
16673 +                    EMINFOMODTIME=datetime();
16674 +                 end;
16675 +            run;
16676 +        %end;
16677 +        %else %do;
16678 +            %em_getname(key=EMSTATDEFAULT,     type=DATA);
16679 +            %if %sysfunc(exist(&em_user_emstatdefault)) %then %do;
16680 +                data &em_user_emstat /  view=&em_user_emstat;
16681 +                   set &em_user_emstatdefault;
16682 +                run;
16683 +            %end;
16684 +        %end;
16685 +    %end;
16686 +    %else %do;
16687 +        %if "&em_property_advancedadvisor" eq "N" %then %do;
16688 +            proc datasets lib=&em_lib nolist;
16689 +               delete &em_nodeid._EMINFO;
16690 +            run;
16691 +            quit;
16692 +            data &em_data_exportset;
16693 +                 set &em_data_exportset;
16694 +                 if NODEPORT='TRAIN' then do;
16695 +                    EMINFO="";
16696 +                    EMINFOMODTIME=.;
16697 +                 end;
16698 +            run;
16699 +        %end;
16700 +    %end;
16701 +
16702 +    data &em_data_exportset;
16703 +       set &em_data_exportset;
16704 +       if NODEPORT='TRAIN' then do;
16705 +          ROLE="&em_property_role";
16706 +       end;
16707 +    run;
16708 +
16709 +    %if %sysfunc(exist(&em_data_variableSet)) %then %do;
16710 +        proc freq data=&em_data_variableset noprint;
16711 +             table ROLE*LEVEL/out=work.tempMeta;
16712 +        run;
16713 +        proc print data=work.tempmeta label noobs;
16714 +           var ROLE LEVEL COUNT;
16715 +           label ROLE  = "%sysfunc(sasmsg(sashelp.dmine, meta_role_vlabel, NOQUOTE))"
16716 +                 LEVEL = "%sysfunc(sasmsg(sashelp.dmine, meta_level_vlabel, NOQUOTE))"
16717 +                 COUNT = "%sysfunc(sasmsg(sashelp.dmine, rpt_count_vlabel, NOQUOTE))";
16718 +        title9  ' ';
16719 +        title10  "%sysfunc(sasmsg(sashelp.dmine, rpt_exptattributes_title, NOQUOTE, TRAIN))";
16720 +        run;
16721 +        title10;
16722 +    %end;
16723 +
16724 +    %if %sysfunc(exist(work.tempmeta)) %then %do;
16725 +        proc datasets lib=work nolist;
16726 +           delete tempmeta;
16727 +        run;
16728 +        quit;
16729 +    %end;
16730 +
16731 +%mend report;
16732 +
16733 +
16734 +
16735 +
16736 +
16737 +
16738 +
16739 +
16740 +
16741 +
16742 +
16743 +
16744 +
16745 +
16746 +
16747 +
16748 +
16749 +
16750 +
16751 +
16752 +
16753 +
16754 +
16755 +
16756 +
16757 +
16758 +
16759 +
16760 +
16761 +
16762 +
16763 +
16764 +
16765 +
16766 +
16767 +
16768 +
16769 +
16770 +
16771 +
16772 +
16773 +
16774 +
16775 +
16776 +
16777 +
16778 +
16779 +
NOTE: %INCLUDE (level 1) ending.
NOTE: Fileref TEMP has been deassigned.

NOTE: The data set WORK.EM_USER_REPORT has 132 observations and 4 variables.
NOTE: DATA statement used (Total process time):
      real time           0.03 seconds
      cpu time            0.03 seconds
      


NOTE: There were 132 observations read from the data set WORK.EM_USER_REPORT.
NOTE: The data set WORK.EM_USER_REPORT has 264 observations and 4 variables.
NOTE: DATA statement used (Total process time):
      real time           0.03 seconds
      cpu time            0.03 seconds
      


NOTE: There were 264 observations read from the data set WORK.EM_USER_REPORT.
NOTE: The data set WORK.EM_USER_REPORT has 396 observations and 4 variables.
NOTE: DATA statement used (Total process time):
      real time           0.03 seconds
      cpu time            0.03 seconds
      


NOTE: The file EMWS1.FIMPORT_EMINFO (memtype=DATA) was not found, but appears on a DELETE statement.

NOTE: PROCEDURE DATASETS used (Total process time):
      real time           0.00 seconds
      cpu time            0.00 seconds
      


NOTE: There were 6 observations read from the data set EMWS1.FIMPORT_EXPORTSET.
NOTE: The data set EMWS1.FIMPORT_EXPORTSET has 6 observations and 18 variables.
NOTE: DATA statement used (Total process time):
      real time           0.01 seconds
      cpu time            0.01 seconds
      


NOTE: There were 6 observations read from the data set EMWS1.FIMPORT_EXPORTSET.
NOTE: The data set EMWS1.FIMPORT_EXPORTSET has 6 observations and 18 variables.
NOTE: DATA statement used (Total process time):
      real time           0.01 seconds
      cpu time            0.01 seconds
      


NOTE: There were 4 observations read from the data set EMWS1.FIMPORT_VARIABLESET.
NOTE: The data set WORK.TEMPMETA has 4 observations and 4 variables.
NOTE: PROCEDURE FREQ used (Total process time):
      real time           0.03 seconds
      cpu time            0.00 seconds
      


NOTE: There were 4 observations read from the data set WORK.TEMPMETA.
NOTE: The PROCEDURE PRINT printed page 3.
NOTE: PROCEDURE PRINT used (Total process time):
      real time           0.00 seconds
      cpu time            0.00 seconds
      


NOTE: Deleting WORK.TEMPMETA (memtype=DATA).

NOTE: PROCEDURE DATASETS used (Total process time):
      real time           0.01 seconds
      cpu time            0.01 seconds
      

16780  *------------------------------------------------------------*;
16781  * End REPORT: FIMPORT;
16782  *------------------------------------------------------------*;

16783  /* Reset EM Options */
16784  options formchar="|----|+|---+=|-/\<>*";
16785  options nocenter ls=256 ps=10000;
16786  goptions reset=all device=GIF NODISPLAY;

16787  proc sort data=WORK.EM_USER_REPORT;
16788  by ID VIEW;
16789  run;

NOTE: There were 396 observations read from the data set WORK.EM_USER_REPORT.
NOTE: The data set WORK.EM_USER_REPORT has 396 observations and 4 variables.
NOTE: PROCEDURE SORT used (Total process time):
      real time           0.00 seconds
      cpu time            0.00 seconds
      

