*------------------------------------------------------------*
* Score Log
Date:                04,June,2022
Time:                20:50:38
*------------------------------------------------------------*
16112  %let EMEXCEPTIONSTRING=;
16113  *------------------------------------------------------------*;
16114  * SCORE: FIMPORT;
16115  *------------------------------------------------------------*;
16116  %let EM_ACTION = SCORE;
16117  %let syscc = 0;
16118  /* Fimport.source */
16119  %macro main;
16120        %if %upcase(&EM_ACTION) = CREATE %then %do;
16121           filename temp catalog 'sashelp.emsamp.Fimport_create.source';
16122           %include temp;
16123           filename temp;
16124           %create;
16125        %end;
16126        %else
16127        %if %upcase(&EM_ACTION) = TRAIN %then %do;
16128           filename temp catalog 'sashelp.emsamp.Fimport_train.source';
16129           %include temp;
16130           filename temp;
16131           %train;
16132        %end;
16133        %else
16134        %if %upcase(&EM_ACTION) = UPDATE %then %do;
16135           filename temp catalog 'sashelp.emsamp.Fimport_update.source';
16136           %include temp;
16137           filename temp;
16138           %update;
16139        %end;
16140        %else
16141        %if %upcase(&EM_ACTION) = PROPERTY %then %do;
16142           filename temp catalog 'sashelp.emsamp.Fimport_actions.source';
16143           %include temp;
16144           filename temp;
16145           %property;
16146        %end;
16147         %else
16148        %if %upcase(&EM_ACTION) = SCORE %then %do;
16149           filename temp catalog 'sashelp.emsamp.Fimport_score.source';
16150           %include temp;
16151           filename temp;
16152           %score;
16153        %end;
16154        %else
16155        %if %upcase(&EM_ACTION) = REPORT %then %do;
16156           filename temp catalog 'sashelp.emsamp.Fimport_report.source';
16157           %include temp;
16158           filename temp;
16159           %report;
16160        %end;
16161        %else
16162        %if %upcase(&EM_ACTION) = OPENVARIABLESET %then %do;
16163           filename temp catalog 'sashelp.emsamp.Fimport_actions.source';
16164           %include temp;
16165           filename temp;
16166           %openvariableset;
16167        %end;
16168        %else
16169        %if %upcase(&EM_ACTION) = CLOSEVARIABLESET %then %do;
16170           filename temp catalog 'sashelp.emsamp.Fimport_actions.source';
16171           %include temp;
16172           filename temp;
16173           %closevariableset;
16174        %end;
16175  %mend main;
16176  %main;
NOTE: %INCLUDE (level 1) file TEMP is file SASHELP.EMSAMP.FIMPORT_SCORE.SOURCE.
16177 +%macro score;
16178 +
16179 +   filename x "&EM_NODEDIR.&EM_DSEP._updatePath.st";
16180 +   data _null_;
16181 +      file x;
16182 +      put ' ';
16183 +   run;
16184 +   filename x;
16185 +
16186 +   %em_getname(key=DATA, type=DATA);
16187 +   %if %sysfunc(exist(&em_user_data)) %then %do;
16188 +       data &em_export_train / view=&em_export_train;
16189 +          set &em_user_data;
16190 +       run;
16191 +   %end;
16192 +
16193 +%mend score;
NOTE: %INCLUDE (level 1) ending.
NOTE: Fileref TEMP has been deassigned.

NOTE: The file X is:
      Filename=C:\Users\2001231F\Desktop\Predictive\Workspaces\EMWS1\FIMPORT\_updatePath.st,
      RECFM=V,LRECL=32767,File Size (bytes)=0,
      Last Modified=04,June,2022 20:50:37,
      Create Time=04,June,2022 20:50:24

NOTE: 1 record was written to the file X.
      The minimum record length was 1.
      The maximum record length was 1.
NOTE: DATA statement used (Total process time):
      real time           0.01 seconds
      cpu time            0.01 seconds
      

NOTE: Fileref X has been deassigned.

NOTE: DATA STEP view saved on file EMWS1.FIMPORT_TRAIN.
NOTE: A stored DATA STEP view cannot run under a different operating system.
NOTE: DATA statement used (Total process time):
      real time           0.07 seconds
      cpu time            0.01 seconds
      

16194  *------------------------------------------------------------*;
16195  * End SCORE: FIMPORT;
16196  *------------------------------------------------------------*;

16198  *------------------------------------------------------------*;
16199  * FIMPORT: Computing metadata for TRAIN data;
16200  *------------------------------------------------------------*;

NOTE: View EMWS1.FIMPORT_TRAIN.VIEW used (Total process time):
      real time           0.07 seconds
      cpu time            0.07 seconds
      
NOTE: View EMWS1.FIMPORT_TRAIN.VIEW used (Total process time):
      real time           0.04 seconds
      cpu time            0.04 seconds
      
