*------------------------------------------------------------*
* Report Log
Date:                04,June,2022
Time:                21:28:13
*------------------------------------------------------------*
11929  data WORK.DMREGTEMP;
11930  merge EMWS1.Reg4_EMESTIMATE EMWS1.Reg4_FITTEST;
11931  run;

NOTE: There were 3 observations read from the data set EMWS1.REG4_EMESTIMATE.
NOTE: There were 1 observations read from the data set EMWS1.REG4_FITTEST.
NOTE: The data set WORK.DMREGTEMP has 3 observations and 42 variables.
NOTE: DATA statement used (Total process time):
      real time           0.00 seconds
      cpu time            0.00 seconds
      

11932  data EMWS1.Reg4_EMOUTFIT;
11933  length TARGET $32;
11934  set WORK.DMREGTEMP end=eof;
11935  where (_TYPE_='PARMS');
11936  drop _TYPE_--vehicle_classCATEGORY_C;
11937  if eof then do;
11938  TARGET = "premium";
11939  output;
11940  end;
11941  run;

NOTE: There were 1 observations read from the data set WORK.DMREGTEMP.
      WHERE _TYPE_='PARMS';
NOTE: The data set EMWS1.REG4_EMOUTFIT has 1 observations and 33 variables.
NOTE: DATA statement used (Total process time):
      real time           0.00 seconds
      cpu time            0.00 seconds
      

11942  data EMWS1.Reg4_EMOUTFIT;
11943  set EMWS1.Reg4_EMOUTFIT;
11944  length TargetLabel $200;
11945  label targetLabel = "%sysfunc(sasmsg(sashelp.dmine, meta_targetlabel_vlabel, NOQUOTE))";
11946  run;

NOTE: Variable TargetLabel is uninitialized.
NOTE: There were 1 observations read from the data set EMWS1.REG4_EMOUTFIT.
NOTE: The data set EMWS1.REG4_EMOUTFIT has 1 observations and 34 variables.
NOTE: DATA statement used (Total process time):
      real time           0.01 seconds
      cpu time            0.01 seconds
      

11947  proc sort data=EMWS1.Reg4_EMREPORTFIT nothreads;
11948  by TARGET;
11949  run;

NOTE: There were 19 observations read from the data set EMWS1.REG4_EMREPORTFIT.
NOTE: The data set EMWS1.REG4_EMREPORTFIT has 19 observations and 7 variables.
NOTE: PROCEDURE SORT used (Total process time):
      real time           0.01 seconds
      cpu time            0.00 seconds
      

11950  %let _EMwarndup = 0;
11951  %let _EMtargetdup =;
11952  %let _EMASEtargetdup =;
11953  data _null_;
11954  set EMWS1.Reg4_EMOUTFIT;
11955  if .<_ASE_<0.000001 then do;
11956  call symput('_EMwarndup', '1');
11957  call symput('_EMtargetdup', target);
11958  call symput('_EMASEtargetdup', put(_ASE_, best.));
11959  end;
11960  run;

NOTE: There were 1 observations read from the data set EMWS1.REG4_EMOUTFIT.
NOTE: DATA statement used (Total process time):
      real time           0.00 seconds
      cpu time            0.00 seconds
      

11961  proc sort data=EMWS1.Part4_CMeta_TRAIN out=WORK.SUBSETINMETA;
11962  by NAME;
11963  run;

NOTE: There were 8 observations read from the data set EMWS1.PART4_CMETA_TRAIN.
NOTE: The data set WORK.SUBSETINMETA has 8 observations and 20 variables.
NOTE: PROCEDURE SORT used (Total process time):
      real time           0.00 seconds
      cpu time            0.00 seconds
      

11964  proc sort data=EMWS1.Reg4_VariableSet out=WORK.SUBSETVARSET(keep=NAME REPORT);
11965  by NAME;
11966  run;

NOTE: There were 6 observations read from the data set EMWS1.REG4_VARIABLESET.
NOTE: The data set WORK.SUBSETVARSET has 6 observations and 2 variables.
NOTE: PROCEDURE SORT used (Total process time):
      real time           0.01 seconds
      cpu time            0.01 seconds
      

11967  data WORK.ASSESS_META;
11968  merge WORK.SUBSETINMETA WORK.SUBSETVARSET;
11969  by NAME;
11970  run;

NOTE: There were 8 observations read from the data set WORK.SUBSETINMETA.
NOTE: There were 6 observations read from the data set WORK.SUBSETVARSET.
NOTE: The data set WORK.ASSESS_META has 8 observations and 20 variables.
NOTE: DATA statement used (Total process time):
      real time           0.01 seconds
      cpu time            0.01 seconds
      

11971  data EM_temp_assessMeta;
11972  set EMWS1.Reg4_CMeta_TRAIN;
11973  where role in('DECISION', 'PREDICT', 'RESIDUAL', 'CLASSIFICATION', 'ASSESS', 'COST');
11974  run;

NOTE: There were 3 observations read from the data set EMWS1.REG4_CMETA_TRAIN.
      WHERE role in ('ASSESS', 'CLASSIFICATION', 'COST', 'DECISION', 'PREDICT', 'RESIDUAL');
NOTE: The data set WORK.EM_TEMP_ASSESSMETA has 3 observations and 21 variables.
NOTE: DATA statement used (Total process time):
      real time           0.01 seconds
      cpu time            0.00 seconds
      

11975  data EM_temp_assessdata;
11976  set EMWS1.Reg4_TRAIN(keep=
11977  P_premium
11978  R_premium
11979  _WARN_
11980  premium
11981  );
11982  run;

NOTE: View EMWS1.REG4_TRAIN.VIEW used (Total process time):
      real time           0.06 seconds
      cpu time            0.06 seconds
      
NOTE: There were 818 observations read from the data set EMWS1.PART4_TRAIN.
NOTE: There were 818 observations read from the data set EMWS1.REG4_TRAIN.
NOTE: The data set WORK.EM_TEMP_ASSESSDATA has 818 observations and 4 variables.
NOTE: DATA statement used (Total process time):
      real time           0.09 seconds
      cpu time            0.09 seconds
      








16313  %let _cn = %sysfunc(getoption(CENTER));
16314  options nocenter;
16315  proc print data=EMWS1.Reg4_EMREPORTFIT noobs label;
16316  var STAT LABEL TRAIN
16317  TEST
16318  ;
16319  by TARGET TARGETLABEL;
16320  title9 ' ';
16321  title10 "%sysfunc(sasmsg(sashelp.dmine, rpt_fitstat_title  , NOQUOTE))";
16322  run;

NOTE: There were 19 observations read from the data set EMWS1.REG4_EMREPORTFIT.
NOTE: The PROCEDURE PRINT printed page 4.
NOTE: PROCEDURE PRINT used (Total process time):
      real time           0.00 seconds
      cpu time            0.00 seconds
      

16323  title10;
16324  options &_cn;

16325  proc datasets library=EMWS1 nolist;
16326  modify Reg4_EMRANK;
16327  label target = "%sysfunc(sasmsg(sashelp.dmine, rpt_targetvar_vlabel ,   NOQUOTE))";
16328  label datarole = "%sysfunc(sasmsg(sashelp.dmine, rpt_datarole_vlabel ,    NOQUOTE))";
16329  run;

NOTE: MODIFY was successful for EMWS1.REG4_EMRANK.DATA.
16330  quit;

NOTE: PROCEDURE DATASETS used (Total process time):
      real time           0.03 seconds
      cpu time            0.01 seconds
      

16331  %let _cn = %sysfunc(getoption(CENTER));
16332  options nocenter;
16333  proc print data=EMWS1.Reg4_EMRANK label noobs;
16334  var
16335  decile N _targetMean_ _meanP_;
16336  by
16337  notsorted DATAROLE
16338  notsorted TARGET
16339  notsorted TARGETLABEL
16340  ;
16341  title9 ' ';
16342  title10 "%sysfunc(sasmsg(sashelp.dmine, rpt_scoreranking_title , NOQUOTE))";
16343  run;

NOTE: There were 20 observations read from the data set EMWS1.REG4_EMRANK.
NOTE: The PROCEDURE PRINT printed page 5.
NOTE: PROCEDURE PRINT used (Total process time):
      real time           0.01 seconds
      cpu time            0.00 seconds
      

16344  title10;
16345  options &_cn;

16346  proc datasets library=EMWS1 nolist;
16347  modify Reg4_EMSCOREDIST;
16348  label target = "%sysfunc(sasmsg(sashelp.dmine, rpt_targetvar_vlabel ,      NOQUOTE))";
16349  label datarole = "%sysfunc(sasmsg(sashelp.dmine, rpt_datarole_vlabel ,    NOQUOTE))";
16350  run;

NOTE: MODIFY was successful for EMWS1.REG4_EMSCOREDIST.DATA.
16351  quit;

NOTE: PROCEDURE DATASETS used (Total process time):
      real time           0.03 seconds
      cpu time            0.03 seconds
      

