 
                                                                                                                                                                                                                                                                
 
 
Fit Statistics

Target=Adj_Prem Target Label=' '

   Fit
Statistics    Statistics Label                       Train             Test

  _ASE_       Average Squared Error           108868422.85     174949706.64
  _DIV_       Divisor for ASE                       102.00            44.00
  _MAX_       Maximum Absolute Error              25283.34         34627.74
  _NOBS_      Sum of Frequencies                    102.00            44.00
  _RASE_      Root Average Squared Error          10434.00         13226.86
  _SSE_       Sum of Squared Errors         11104579130.83    7697787092.22
 
                                                                                                                                                                                                                                                                
 
 
Assessment Score Rankings

Data Role=TRAIN Target Variable=Adj_Prem Target Label=' '

           Number of       Mean         Mean
Depth    Observations     Target     Predicted

   5           6         84701.25     84190.64
  10           5         81011.60     82933.11
  15           5         79479.40     79846.93
  20           5         87611.80     78715.83
  25           5         71482.90     73837.06
  30           5         75689.10     72287.00
  35           5         65840.00     69647.06
  40           5         73639.30     68809.46
  45           6         68165.50     67862.91
  50           4         62194.38     66956.54
  55           7         62229.71     61100.73
  60           4         50165.00     53737.13
  65           5         43436.00     48622.89
  70           5         44463.10     48236.94
  75           5         45020.40     48010.02
  80           5         45469.00     47319.05
  85           5         53106.00     45467.87
  90           5         42878.50     42130.69
  95           5         40547.90     39166.76
 100           5         33042.60     33669.96
 
                                                                                                                                                                                                                                                                
 
 
Assessment Score Distribution

Data Role=TRAIN Target Variable=Adj_Prem Target Label=' '

                            Mean         Mean        Number of       Model
 Range for Predicted       Target     Predicted    Observations      Score

82730.541 -  85477.617    87073.83     83844.64          9         84104.08
79983.465 -  82730.541    74333.67     81780.44          3         81357.00
77236.389 -  79983.465    82893.88     79480.70          8         78609.93
74489.314 -  77236.389    78905.00     76834.52          1         75862.85
71742.238 -  74489.314    73932.75     73624.44          8         73115.78
68995.162 -  71742.238    70237.25     69860.42          8         70368.70
66248.086 -  68995.162    66976.21     67859.12         14         67621.62
63501.010 -  66248.086    72751.75     65690.38          2         64874.55
60753.934 -  63501.010    71650.50     63410.16          1         62127.47
58006.858 -  60753.934    46650.75     58821.60          2         59380.40
55259.782 -  58006.858    61517.67     57244.29          3         56633.32
52512.706 -  55259.782    51432.25     54464.48          2         53886.24
47018.554 -  49765.630    44301.79     48119.15         21         48392.09
44271.478 -  47018.554    52321.25     46025.57          4         45645.02
41524.402 -  44271.478    47861.50     42535.08          5         42897.94
38777.326 -  41524.402    36011.00     40512.59          4         40150.86
36030.250 -  38777.326    45012.75     37499.29          2         37403.79
33283.174 -  36030.250    35368.33     35383.98          3         34656.71
30536.098 -  33283.174    29554.00     31098.92          2         31909.64
