*------------------------------------------------------------*
* Report Log
Date:                04,June,2022
Time:                21:27:52
*------------------------------------------------------------*
16587  %let EMEXCEPTIONSTRING=;
16588  *------------------------------------------------------------*;
16589  * REPORT: FIMPORT4;
16590  *------------------------------------------------------------*;
16591  %let EM_ACTION = REPORT;
16592  %let syscc = 0;
16593  /* Fimport.source */
16594  %macro main;
16595        %if %upcase(&EM_ACTION) = CREATE %then %do;
16596           filename temp catalog 'sashelp.emsamp.Fimport_create.source';
16597           %include temp;
16598           filename temp;
16599           %create;
16600        %end;
16601        %else
16602        %if %upcase(&EM_ACTION) = TRAIN %then %do;
16603           filename temp catalog 'sashelp.emsamp.Fimport_train.source';
16604           %include temp;
16605           filename temp;
16606           %train;
16607        %end;
16608        %else
16609        %if %upcase(&EM_ACTION) = UPDATE %then %do;
16610           filename temp catalog 'sashelp.emsamp.Fimport_update.source';
16611           %include temp;
16612           filename temp;
16613           %update;
16614        %end;
16615        %else
16616        %if %upcase(&EM_ACTION) = PROPERTY %then %do;
16617           filename temp catalog 'sashelp.emsamp.Fimport_actions.source';
16618           %include temp;
16619           filename temp;
16620           %property;
16621        %end;
16622         %else
16623        %if %upcase(&EM_ACTION) = SCORE %then %do;
16624           filename temp catalog 'sashelp.emsamp.Fimport_score.source';
16625           %include temp;
16626           filename temp;
16627           %score;
16628        %end;
16629        %else
16630        %if %upcase(&EM_ACTION) = REPORT %then %do;
16631           filename temp catalog 'sashelp.emsamp.Fimport_report.source';
16632           %include temp;
16633           filename temp;
16634           %report;
16635        %end;
16636        %else
16637        %if %upcase(&EM_ACTION) = OPENVARIABLESET %then %do;
16638           filename temp catalog 'sashelp.emsamp.Fimport_actions.source';
16639           %include temp;
16640           filename temp;
16641           %openvariableset;
16642        %end;
16643        %else
16644        %if %upcase(&EM_ACTION) = CLOSEVARIABLESET %then %do;
16645           filename temp catalog 'sashelp.emsamp.Fimport_actions.source';
16646           %include temp;
16647           filename temp;
16648           %closevariableset;
16649        %end;
16650  %mend main;
16651  %main;
NOTE: %INCLUDE (level 1) file TEMP is file SASHELP.EMSAMP.FIMPORT_REPORT.SOURCE.
16652 +%macro report;
16653 +    %em_getname(key=EMSTAT,     type=DATA);
16654 +    %em_getname(key=EMINFO,     type=DATA);
16655 +    %em_getname(key=CLASS,      type=DATA);
16656 +    %em_getname(key=INTERVAL,   type=DATA);
16657 +
16658 +    %em_REPORT(key=EMSTAT,   viewtype=DATA, description=EMSTAT, block=Report, autodisplay=Y);
16659 +    %em_REPORT(key=INTERVAL, viewtype=LATTICE, LATTICETYPE=HISTOGRAM, LATTICEX=VARIABLE, DISCRETEX=Y, X=VALUE,FREQ=PERCENT,block=Report, description=INTERVALTARGET, autodisplay=N);
16660 +    %em_REPORT(key=CLASS, viewtype=LATTICE, LATTICEtype=BAR, LATTICEX=VARIABLE, X=VALUE,FREQ=PERCENT, block=Report, description=CLASSTARGET, autodisplay=Y);
16661 +
16662 +    %if &em_property_summarize eq Y %then %do;
16663 +        filename temp catalog 'sashelp.emmeta.emadvisestatistics.source';
16664 +        %include temp;
16665 +        filename temp;
16666 +
16667 +        data work.tempmeta;
16668 +           set &em_lib..&em_nodeid._CMETA_TRAIN;
16669 +           if ROLE='TARGET' and LEVEL ne 'INTERVAL' then output;
16670 +         run;
16671 +
16672 +        %class_profile(DATA=&em_export_train, OUTPUT=&em_user_class, VARS=,
16673 +                      METADATA=tempmeta, STAT=_STAT, FREQ=);
16674 +
16675 +         data work.tempmeta;
16676 +           set &em_lib..&em_nodeid._CMETA_TRAIN;
16677 +            if ROLE='TARGET' and LEVEL eq 'INTERVAL' then output;
16678 +         run;
16679 +         %var_profile(DATA=&em_export_train, OUTPUT=&em_user_INTERVAL, VARS=, METADATA=tempmeta, COMPUTESTAT=Y, STAT=_STAT, FREQ=,
16680 +                   BINDATA=, BIN=Y, NUMBARS=8, MINMAX=N);
16681 +
16682 +        data work.tempmeta;
16683 +           set &em_lib..&em_nodeid._CMETA_TRAIN;
16684 +        run;
16685 +
16686 +        %if "&em_property_advancedadvisor" eq "N" %then %do;
16687 +            %EmAdviseStat(&em_export_train, maxClassLevels=32, metadata=tempmeta, statisticData=&em_user_emstat);
16688 +
16689 +            data &em_data_exportset;
16690 +                 set &em_data_exportset;
16691 +                 if NODEPORT='TRAIN' then do;
16692 +                    EMINFO="&em_data_eminfo";
16693 +                    EMINFOMODTIME=datetime();
16694 +                 end;
16695 +            run;
16696 +        %end;
16697 +        %else %do;
16698 +            %em_getname(key=EMSTATDEFAULT,     type=DATA);
16699 +            %if %sysfunc(exist(&em_user_emstatdefault)) %then %do;
16700 +                data &em_user_emstat /  view=&em_user_emstat;
16701 +                   set &em_user_emstatdefault;
16702 +                run;
16703 +            %end;
16704 +        %end;
16705 +    %end;
16706 +    %else %do;
16707 +        %if "&em_property_advancedadvisor" eq "N" %then %do;
16708 +            proc datasets lib=&em_lib nolist;
16709 +               delete &em_nodeid._EMINFO;
16710 +            run;
16711 +            quit;
16712 +            data &em_data_exportset;
16713 +                 set &em_data_exportset;
16714 +                 if NODEPORT='TRAIN' then do;
16715 +                    EMINFO="";
16716 +                    EMINFOMODTIME=.;
16717 +                 end;
16718 +            run;
16719 +        %end;
16720 +    %end;
16721 +
16722 +    data &em_data_exportset;
16723 +       set &em_data_exportset;
16724 +       if NODEPORT='TRAIN' then do;
16725 +          ROLE="&em_property_role";
16726 +       end;
16727 +    run;
16728 +
16729 +    %if %sysfunc(exist(&em_data_variableSet)) %then %do;
16730 +        proc freq data=&em_data_variableset noprint;
16731 +             table ROLE*LEVEL/out=work.tempMeta;
16732 +        run;
16733 +        proc print data=work.tempmeta label noobs;
16734 +           var ROLE LEVEL COUNT;
16735 +           label ROLE  = "%sysfunc(sasmsg(sashelp.dmine, meta_role_vlabel, NOQUOTE))"
16736 +                 LEVEL = "%sysfunc(sasmsg(sashelp.dmine, meta_level_vlabel, NOQUOTE))"
16737 +                 COUNT = "%sysfunc(sasmsg(sashelp.dmine, rpt_count_vlabel, NOQUOTE))";
16738 +        title9  ' ';
16739 +        title10  "%sysfunc(sasmsg(sashelp.dmine, rpt_exptattributes_title, NOQUOTE, TRAIN))";
16740 +        run;
16741 +        title10;
16742 +    %end;
16743 +
16744 +    %if %sysfunc(exist(work.tempmeta)) %then %do;
16745 +        proc datasets lib=work nolist;
16746 +           delete tempmeta;
16747 +        run;
16748 +        quit;
16749 +    %end;
16750 +
16751 +%mend report;
16752 +
16753 +
16754 +
16755 +
16756 +
16757 +
16758 +
16759 +
16760 +
16761 +
16762 +
16763 +
16764 +
16765 +
16766 +
16767 +
16768 +
16769 +
16770 +
16771 +
16772 +
16773 +
16774 +
16775 +
16776 +
16777 +
16778 +
16779 +
16780 +
16781 +
16782 +
16783 +
16784 +
16785 +
16786 +
16787 +
16788 +
16789 +
16790 +
16791 +
16792 +
16793 +
16794 +
16795 +
16796 +
16797 +
16798 +
16799 +
NOTE: %INCLUDE (level 1) ending.
NOTE: Fileref TEMP has been deassigned.

NOTE: The data set WORK.EM_USER_REPORT has 132 observations and 4 variables.
NOTE: DATA statement used (Total process time):
      real time           0.03 seconds
      cpu time            0.03 seconds
      


NOTE: There were 132 observations read from the data set WORK.EM_USER_REPORT.
NOTE: The data set WORK.EM_USER_REPORT has 264 observations and 4 variables.
NOTE: DATA statement used (Total process time):
      real time           0.04 seconds
      cpu time            0.03 seconds
      


NOTE: There were 264 observations read from the data set WORK.EM_USER_REPORT.
NOTE: The data set WORK.EM_USER_REPORT has 396 observations and 4 variables.
NOTE: DATA statement used (Total process time):
      real time           0.03 seconds
      cpu time            0.03 seconds
      


NOTE: The file EMWS1.FIMPORT4_EMINFO (memtype=DATA) was not found, but appears on a DELETE statement.

NOTE: PROCEDURE DATASETS used (Total process time):
      real time           0.03 seconds
      cpu time            0.03 seconds
      


NOTE: There were 6 observations read from the data set EMWS1.FIMPORT4_EXPORTSET.
NOTE: The data set EMWS1.FIMPORT4_EXPORTSET has 6 observations and 18 variables.
NOTE: DATA statement used (Total process time):
      real time           0.00 seconds
      cpu time            0.00 seconds
      


NOTE: There were 6 observations read from the data set EMWS1.FIMPORT4_EXPORTSET.
NOTE: The data set EMWS1.FIMPORT4_EXPORTSET has 6 observations and 18 variables.
NOTE: DATA statement used (Total process time):
      real time           0.00 seconds
      cpu time            0.00 seconds
      


NOTE: There were 7 observations read from the data set EMWS1.FIMPORT4_VARIABLESET.
NOTE: The data set WORK.TEMPMETA has 4 observations and 4 variables.
NOTE: PROCEDURE FREQ used (Total process time):
      real time           0.03 seconds
      cpu time            0.00 seconds
      


NOTE: There were 4 observations read from the data set WORK.TEMPMETA.
NOTE: The PROCEDURE PRINT printed page 3.
NOTE: PROCEDURE PRINT used (Total process time):
      real time           0.00 seconds
      cpu time            0.00 seconds
      


NOTE: Deleting WORK.TEMPMETA (memtype=DATA).

NOTE: PROCEDURE DATASETS used (Total process time):
      real time           0.01 seconds
      cpu time            0.01 seconds
      

16800  *------------------------------------------------------------*;
16801  * End REPORT: FIMPORT4;
16802  *------------------------------------------------------------*;

16803  /* Reset EM Options */
16804  options formchar="|----|+|---+=|-/\<>*";
16805  options nocenter ls=256 ps=10000;
16806  goptions reset=all device=GIF NODISPLAY;

16807  proc sort data=WORK.EM_USER_REPORT;
16808  by ID VIEW;
16809  run;

NOTE: There were 396 observations read from the data set WORK.EM_USER_REPORT.
NOTE: The data set WORK.EM_USER_REPORT has 396 observations and 4 variables.
NOTE: PROCEDURE SORT used (Total process time):
      real time           0.00 seconds
      cpu time            0.00 seconds
      

