*------------------------------------------------------------*
* Score Log
Date:                04,June,2022
Time:                21:27:51
*------------------------------------------------------------*
16127  %let EMEXCEPTIONSTRING=;
16128  *------------------------------------------------------------*;
16129  * SCORE: FIMPORT4;
16130  *------------------------------------------------------------*;
16131  %let EM_ACTION = SCORE;
16132  %let syscc = 0;
16133  /* Fimport.source */
16134  %macro main;
16135        %if %upcase(&EM_ACTION) = CREATE %then %do;
16136           filename temp catalog 'sashelp.emsamp.Fimport_create.source';
16137           %include temp;
16138           filename temp;
16139           %create;
16140        %end;
16141        %else
16142        %if %upcase(&EM_ACTION) = TRAIN %then %do;
16143           filename temp catalog 'sashelp.emsamp.Fimport_train.source';
16144           %include temp;
16145           filename temp;
16146           %train;
16147        %end;
16148        %else
16149        %if %upcase(&EM_ACTION) = UPDATE %then %do;
16150           filename temp catalog 'sashelp.emsamp.Fimport_update.source';
16151           %include temp;
16152           filename temp;
16153           %update;
16154        %end;
16155        %else
16156        %if %upcase(&EM_ACTION) = PROPERTY %then %do;
16157           filename temp catalog 'sashelp.emsamp.Fimport_actions.source';
16158           %include temp;
16159           filename temp;
16160           %property;
16161        %end;
16162         %else
16163        %if %upcase(&EM_ACTION) = SCORE %then %do;
16164           filename temp catalog 'sashelp.emsamp.Fimport_score.source';
16165           %include temp;
16166           filename temp;
16167           %score;
16168        %end;
16169        %else
16170        %if %upcase(&EM_ACTION) = REPORT %then %do;
16171           filename temp catalog 'sashelp.emsamp.Fimport_report.source';
16172           %include temp;
16173           filename temp;
16174           %report;
16175        %end;
16176        %else
16177        %if %upcase(&EM_ACTION) = OPENVARIABLESET %then %do;
16178           filename temp catalog 'sashelp.emsamp.Fimport_actions.source';
16179           %include temp;
16180           filename temp;
16181           %openvariableset;
16182        %end;
16183        %else
16184        %if %upcase(&EM_ACTION) = CLOSEVARIABLESET %then %do;
16185           filename temp catalog 'sashelp.emsamp.Fimport_actions.source';
16186           %include temp;
16187           filename temp;
16188           %closevariableset;
16189        %end;
16190  %mend main;
16191  %main;
NOTE: %INCLUDE (level 1) file TEMP is file SASHELP.EMSAMP.FIMPORT_SCORE.SOURCE.
16192 +%macro score;
16193 +
16194 +   filename x "&EM_NODEDIR.&EM_DSEP._updatePath.st";
16195 +   data _null_;
16196 +      file x;
16197 +      put ' ';
16198 +   run;
16199 +   filename x;
16200 +
16201 +   %em_getname(key=DATA, type=DATA);
16202 +   %if %sysfunc(exist(&em_user_data)) %then %do;
16203 +       data &em_export_train / view=&em_export_train;
16204 +          set &em_user_data;
16205 +       run;
16206 +   %end;
16207 +
16208 +%mend score;
NOTE: %INCLUDE (level 1) ending.
NOTE: Fileref TEMP has been deassigned.

NOTE: The file X is:
      Filename=C:\Users\2001231F\Desktop\Predictive\Workspaces\EMWS1\FIMPORT4\_updatePath.st,
      RECFM=V,LRECL=32767,File Size (bytes)=0,
      Last Modified=04,June,2022 21:27:50,
      Create Time=04,June,2022 21:27:32

NOTE: 1 record was written to the file X.
      The minimum record length was 1.
      The maximum record length was 1.
NOTE: DATA statement used (Total process time):
      real time           0.00 seconds
      cpu time            0.00 seconds
      

NOTE: Fileref X has been deassigned.

NOTE: DATA STEP view saved on file EMWS1.FIMPORT4_TRAIN.
NOTE: A stored DATA STEP view cannot run under a different operating system.
NOTE: DATA statement used (Total process time):
      real time           0.00 seconds
      cpu time            0.00 seconds
      

16209  *------------------------------------------------------------*;
16210  * End SCORE: FIMPORT4;
16211  *------------------------------------------------------------*;

16213  *------------------------------------------------------------*;
16214  * FIMPORT4: Computing metadata for TRAIN data;
16215  *------------------------------------------------------------*;

NOTE: View EMWS1.FIMPORT4_TRAIN.VIEW used (Total process time):
      real time           0.06 seconds
      cpu time            0.06 seconds
      
NOTE: View EMWS1.FIMPORT4_TRAIN.VIEW used (Total process time):
      real time           0.06 seconds
      cpu time            0.06 seconds
      
