*------------------------------------------------------------*
* Report Log
Date:                04,June,2022
Time:                21:15:02
*------------------------------------------------------------*
12156  data EMWS1.Neural4_EMOUTFIT(rename=(_NAME_=TARGET));
12157  set EMWS1.Neural4_OUTFIT(where=(_NAME_ eq 'OVERALL'));
12158  label _NAME_ = "%sysfunc(sasmsg(sashelp.dmine, rpt_target_vlabel  , NOQUOTE))";
12159  if _NAME_='OVERALL' then _NAME_='Adj_Prem';
12160  drop _ITER_;
12161  run;

NOTE: There were 1 observations read from the data set EMWS1.NEURAL4_OUTFIT.
      WHERE _NAME_='OVERALL';
NOTE: The data set EMWS1.NEURAL4_EMOUTFIT has 1 observations and 45 variables.
NOTE: DATA statement used (Total process time):
      real time           0.00 seconds
      cpu time            0.00 seconds
      

12162  proc sort data=EMWS1.Neural4_EMOUTFIT nodupkey;
12163  by TARGET;
12164  run;

NOTE: There were 1 observations read from the data set EMWS1.NEURAL4_EMOUTFIT.
NOTE: 0 observations with duplicate key values were deleted.
NOTE: The data set EMWS1.NEURAL4_EMOUTFIT has 1 observations and 45 variables.
NOTE: PROCEDURE SORT used (Total process time):
      real time           0.01 seconds
      cpu time            0.00 seconds
      

12165  data EMWS1.Neural4_EMOUTFIT;
12166  set EMWS1.Neural4_EMOUTFIT;
12167  length TargetLabel $200;
12168  label targetLabel = "%sysfunc(sasmsg(sashelp.dmine, meta_targetlabel_vlabel, NOQUOTE))";
12169  run;

NOTE: Variable TargetLabel is uninitialized.
NOTE: There were 1 observations read from the data set EMWS1.NEURAL4_EMOUTFIT.
NOTE: The data set EMWS1.NEURAL4_EMOUTFIT has 1 observations and 46 variables.
NOTE: DATA statement used (Total process time):
      real time           0.03 seconds
      cpu time            0.00 seconds
      

12170  proc sort data=EMWS1.Neural4_EMREPORTFIT nothreads;
12171  by TARGET;
12172  run;

NOTE: There were 21 observations read from the data set EMWS1.NEURAL4_EMREPORTFIT.
NOTE: The data set EMWS1.NEURAL4_EMREPORTFIT has 21 observations and 7 variables.
NOTE: PROCEDURE SORT used (Total process time):
      real time           0.01 seconds
      cpu time            0.01 seconds
      

12173  %let _EMwarndup = 0;
12174  %let _EMtargetdup =;
12175  %let _EMASEtargetdup =;
12176  data _null_;
12177  set EMWS1.Neural4_EMOUTFIT;
12178  if .<_ASE_<0.000001 then do;
12179  call symput('_EMwarndup', '1');
12180  call symput('_EMtargetdup', target);
12181  call symput('_EMASEtargetdup', put(_ASE_, best.));
12182  end;
12183  run;

NOTE: There were 1 observations read from the data set EMWS1.NEURAL4_EMOUTFIT.
NOTE: DATA statement used (Total process time):
      real time           0.01 seconds
      cpu time            0.01 seconds
      

12184  proc sort data=EMWS1.Part2_CMeta_TRAIN out=WORK.SUBSETINMETA;
12185  by NAME;
12186  run;

NOTE: There were 5 observations read from the data set EMWS1.PART2_CMETA_TRAIN.
NOTE: The data set WORK.SUBSETINMETA has 5 observations and 20 variables.
NOTE: PROCEDURE SORT used (Total process time):
      real time           0.00 seconds
      cpu time            0.00 seconds
      

12187  proc sort data=EMWS1.Neural4_VariableSet out=WORK.SUBSETVARSET(keep=NAME REPORT);
12188  by NAME;
12189  run;

NOTE: There were 3 observations read from the data set EMWS1.NEURAL4_VARIABLESET.
NOTE: The data set WORK.SUBSETVARSET has 3 observations and 2 variables.
NOTE: PROCEDURE SORT used (Total process time):
      real time           0.00 seconds
      cpu time            0.00 seconds
      

12190  data WORK.ASSESS_META;
12191  merge WORK.SUBSETINMETA WORK.SUBSETVARSET;
12192  by NAME;
12193  run;

NOTE: There were 5 observations read from the data set WORK.SUBSETINMETA.
NOTE: There were 3 observations read from the data set WORK.SUBSETVARSET.
NOTE: The data set WORK.ASSESS_META has 5 observations and 20 variables.
NOTE: DATA statement used (Total process time):
      real time           0.01 seconds
      cpu time            0.00 seconds
      

12194  data EM_temp_assessMeta;
12195  set EMWS1.Neural4_CMeta_TRAIN;
12196  where role in('DECISION', 'PREDICT', 'RESIDUAL', 'CLASSIFICATION', 'ASSESS', 'COST');
12197  run;

NOTE: There were 3 observations read from the data set EMWS1.NEURAL4_CMETA_TRAIN.
      WHERE role in ('ASSESS', 'CLASSIFICATION', 'COST', 'DECISION', 'PREDICT', 'RESIDUAL');
NOTE: The data set WORK.EM_TEMP_ASSESSMETA has 3 observations and 21 variables.
NOTE: DATA statement used (Total process time):
      real time           0.00 seconds
      cpu time            0.00 seconds
      

12198  data EM_temp_assessdata;
12199  set EMWS1.Neural4_TRAIN(keep=
12200  P_Adj_Prem
12201  R_Adj_Prem
12202  _WARN_
12203  Adj_Prem
12204  );
12205  run;

NOTE: View EMWS1.NEURAL4_TRAIN.VIEW used (Total process time):
      real time           0.09 seconds
      cpu time            0.07 seconds
      
NOTE: There were 102 observations read from the data set EMWS1.PART2_TRAIN.
NOTE: There were 102 observations read from the data set EMWS1.NEURAL4_TRAIN.
NOTE: The data set WORK.EM_TEMP_ASSESSDATA has 102 observations and 4 variables.
NOTE: DATA statement used (Total process time):
      real time           0.12 seconds
      cpu time            0.11 seconds
      








16536  %let _cn = %sysfunc(getoption(CENTER));
16537  options nocenter;
16538  proc print data=EMWS1.Neural4_EMREPORTFIT noobs label;
16539  var STAT LABEL TRAIN
16540  TEST
16541  ;
16542  by TARGET TARGETLABEL;
16543  title9 ' ';
16544  title10 "%sysfunc(sasmsg(sashelp.dmine, rpt_fitstat_title  , NOQUOTE))";
16545  run;

NOTE: There were 21 observations read from the data set EMWS1.NEURAL4_EMREPORTFIT.
NOTE: The PROCEDURE PRINT printed page 7.
NOTE: PROCEDURE PRINT used (Total process time):
      real time           0.00 seconds
      cpu time            0.00 seconds
      

16546  title10;
16547  options &_cn;

16548  proc datasets library=EMWS1 nolist;
16549  modify Neural4_EMRANK;
16550  label target = "%sysfunc(sasmsg(sashelp.dmine, rpt_targetvar_vlabel ,   NOQUOTE))";
16551  label datarole = "%sysfunc(sasmsg(sashelp.dmine, rpt_datarole_vlabel ,    NOQUOTE))";
16552  run;

NOTE: MODIFY was successful for EMWS1.NEURAL4_EMRANK.DATA.
16553  quit;

NOTE: PROCEDURE DATASETS used (Total process time):
      real time           0.03 seconds
      cpu time            0.03 seconds
      

16554  %let _cn = %sysfunc(getoption(CENTER));
16555  options nocenter;
16556  proc print data=EMWS1.Neural4_EMRANK label noobs;
16557  var
16558  decile N _targetMean_ _meanP_;
16559  by
16560  notsorted DATAROLE
16561  notsorted TARGET
16562  notsorted TARGETLABEL
16563  ;
16564  title9 ' ';
16565  title10 "%sysfunc(sasmsg(sashelp.dmine, rpt_scoreranking_title , NOQUOTE))";
16566  run;

NOTE: There were 20 observations read from the data set EMWS1.NEURAL4_EMRANK.
NOTE: The PROCEDURE PRINT printed page 8.
NOTE: PROCEDURE PRINT used (Total process time):
      real time           0.04 seconds
      cpu time            0.00 seconds
      

16567  title10;
16568  options &_cn;

16569  proc datasets library=EMWS1 nolist;
16570  modify Neural4_EMSCOREDIST;
16571  label target = "%sysfunc(sasmsg(sashelp.dmine, rpt_targetvar_vlabel ,      NOQUOTE))";
16572  label datarole = "%sysfunc(sasmsg(sashelp.dmine, rpt_datarole_vlabel ,    NOQUOTE))";
16573  run;

NOTE: MODIFY was successful for EMWS1.NEURAL4_EMSCOREDIST.DATA.
16574  quit;

NOTE: PROCEDURE DATASETS used (Total process time):
      real time           0.01 seconds
      cpu time            0.01 seconds
      

