*------------------------------------------------------------*
* Score Log
Date:                04,June,2022
Time:                21:15:00
*------------------------------------------------------------*
NOTE: This SAS session is using a registry in WORK.  All changes will be lost at the end of this session.
11253  data work.outkey;
11254  set EMWS1.Neural4_OUTKEY;
11255  if upcase(ROLE) = 'HIDDEN';
11256  run;

NOTE: There were 25 observations read from the data set EMWS1.NEURAL4_OUTKEY.
NOTE: The data set WORK.OUTKEY has 20 observations and 8 variables.
NOTE: DATA statement used (Total process time):
      real time           0.00 seconds
      cpu time            0.00 seconds
      

11257  filename emflow "C:\Users\2001231F\Desktop\Predictive\Workspaces\EMWS1\Neural4\EMFLOWSCORE.sas";
11258  *------------------------------------------------------------*;
11259  * Neural4: Scoring DATA data;
11260  *------------------------------------------------------------*;
11261  data EMWS1.Neural4_TRAIN
11262  / view=EMWS1.Neural4_TRAIN
11263  ;
11264  set EMWS1.Part2_TRAIN
11265  ;
11266  %inc emflow;
11513  run;

NOTE: DATA STEP view saved on file EMWS1.NEURAL4_TRAIN.
NOTE: A stored DATA STEP view cannot run under a different operating system.
NOTE: DATA statement used (Total process time):
      real time           0.03 seconds
      cpu time            0.03 seconds
      

11514  quit;
11515  filename emflow;
NOTE: Fileref EMFLOW has been deassigned.

11516  filename emflow "C:\Users\2001231F\Desktop\Predictive\Workspaces\EMWS1\Neural4\EMFLOWSCORE.sas";
11517  *------------------------------------------------------------*;
11518  * Neural4: Scoring TEST data;
11519  *------------------------------------------------------------*;
11520  data EMWS1.Neural4_TEST
11521  / view=EMWS1.Neural4_TEST
11522  ;
11523  set EMWS1.Part2_TEST
11524  ;
11525  %inc emflow;
11772  run;

NOTE: DATA STEP view saved on file EMWS1.NEURAL4_TEST.
NOTE: A stored DATA STEP view cannot run under a different operating system.
NOTE: DATA statement used (Total process time):
      real time           0.01 seconds
      cpu time            0.01 seconds
      

11773  quit;
11774  filename emflow;
NOTE: Fileref EMFLOW has been deassigned.

11775  *------------------------------------------------------------*;
11776  * Neural4: Computing metadata for TRAIN data;
11777  *------------------------------------------------------------*;

NOTE: View EMWS1.NEURAL4_TRAIN.VIEW used (Total process time):
      real time           0.06 seconds
      cpu time            0.06 seconds
      
12122  data EMWS1.Neural4_EMINFO;
12123  length TARGET KEY $32 DATA $43;
12124  input TARGET KEY DATA $;
12125  cards;

NOTE: The data set EMWS1.NEURAL4_EMINFO has 3 observations and 3 variables.
NOTE: DATA statement used (Total process time):
      real time           0.01 seconds
      cpu time            0.00 seconds
      

12129  run;
12130  proc sort data = EMWS1.Neural4_EMINFO NOTHREADS;
12131  by TARGET KEY;
12132  run;

NOTE: There were 3 observations read from the data set EMWS1.NEURAL4_EMINFO.
NOTE: The data set EMWS1.NEURAL4_EMINFO has 3 observations and 3 variables.
NOTE: PROCEDURE SORT used (Total process time):
      real time           0.01 seconds
      cpu time            0.01 seconds
      

NOTE: View EMWS1.NEURAL4_TRAIN.VIEW used (Total process time):
      real time           0.09 seconds
      cpu time            0.07 seconds
      
NOTE: View EMWS1.NEURAL4_TEST.VIEW used (Total process time):
      real time           0.10 seconds
      cpu time            0.07 seconds
      
