*------------------------------------------------------------*
* Report Log
Date:                04,June,2022
Time:                21:28:05
*------------------------------------------------------------*
12492  data EMWS1.Neural8_EMOUTFIT(rename=(_NAME_=TARGET));
12493  set EMWS1.Neural8_OUTFIT(where=(_NAME_ eq 'OVERALL'));
12494  label _NAME_ = "%sysfunc(sasmsg(sashelp.dmine, rpt_target_vlabel  , NOQUOTE))";
12495  if _NAME_='OVERALL' then _NAME_='premium';
12496  drop _ITER_;
12497  run;

NOTE: There were 1 observations read from the data set EMWS1.NEURAL8_OUTFIT.
      WHERE _NAME_='OVERALL';
NOTE: The data set EMWS1.NEURAL8_EMOUTFIT has 1 observations and 45 variables.
NOTE: DATA statement used (Total process time):
      real time           0.00 seconds
      cpu time            0.00 seconds
      

12498  proc sort data=EMWS1.Neural8_EMOUTFIT nodupkey;
12499  by TARGET;
12500  run;

NOTE: There were 1 observations read from the data set EMWS1.NEURAL8_EMOUTFIT.
NOTE: 0 observations with duplicate key values were deleted.
NOTE: The data set EMWS1.NEURAL8_EMOUTFIT has 1 observations and 45 variables.
NOTE: PROCEDURE SORT used (Total process time):
      real time           0.01 seconds
      cpu time            0.01 seconds
      

12501  data EMWS1.Neural8_EMOUTFIT;
12502  set EMWS1.Neural8_EMOUTFIT;
12503  length TargetLabel $200;
12504  label targetLabel = "%sysfunc(sasmsg(sashelp.dmine, meta_targetlabel_vlabel, NOQUOTE))";
12505  run;

NOTE: Variable TargetLabel is uninitialized.
NOTE: There were 1 observations read from the data set EMWS1.NEURAL8_EMOUTFIT.
NOTE: The data set EMWS1.NEURAL8_EMOUTFIT has 1 observations and 46 variables.
NOTE: DATA statement used (Total process time):
      real time           0.03 seconds
      cpu time            0.01 seconds
      

12506  proc sort data=EMWS1.Neural8_EMREPORTFIT nothreads;
12507  by TARGET;
12508  run;

NOTE: There were 21 observations read from the data set EMWS1.NEURAL8_EMREPORTFIT.
NOTE: The data set EMWS1.NEURAL8_EMREPORTFIT has 21 observations and 7 variables.
NOTE: PROCEDURE SORT used (Total process time):
      real time           0.00 seconds
      cpu time            0.00 seconds
      

12509  %let _EMwarndup = 0;
12510  %let _EMtargetdup =;
12511  %let _EMASEtargetdup =;
12512  data _null_;
12513  set EMWS1.Neural8_EMOUTFIT;
12514  if .<_ASE_<0.000001 then do;
12515  call symput('_EMwarndup', '1');
12516  call symput('_EMtargetdup', target);
12517  call symput('_EMASEtargetdup', put(_ASE_, best.));
12518  end;
12519  run;

NOTE: There were 1 observations read from the data set EMWS1.NEURAL8_EMOUTFIT.
NOTE: DATA statement used (Total process time):
      real time           0.00 seconds
      cpu time            0.00 seconds
      

12520  proc sort data=EMWS1.Part4_CMeta_TRAIN out=WORK.SUBSETINMETA;
12521  by NAME;
12522  run;

NOTE: There were 8 observations read from the data set EMWS1.PART4_CMETA_TRAIN.
NOTE: The data set WORK.SUBSETINMETA has 8 observations and 20 variables.
NOTE: PROCEDURE SORT used (Total process time):
      real time           0.01 seconds
      cpu time            0.01 seconds
      

12523  proc sort data=EMWS1.Neural8_VariableSet out=WORK.SUBSETVARSET(keep=NAME REPORT);
12524  by NAME;
12525  run;

NOTE: There were 6 observations read from the data set EMWS1.NEURAL8_VARIABLESET.
NOTE: The data set WORK.SUBSETVARSET has 6 observations and 2 variables.
NOTE: PROCEDURE SORT used (Total process time):
      real time           0.01 seconds
      cpu time            0.01 seconds
      

12526  data WORK.ASSESS_META;
12527  merge WORK.SUBSETINMETA WORK.SUBSETVARSET;
12528  by NAME;
12529  run;

NOTE: There were 8 observations read from the data set WORK.SUBSETINMETA.
NOTE: There were 6 observations read from the data set WORK.SUBSETVARSET.
NOTE: The data set WORK.ASSESS_META has 8 observations and 20 variables.
NOTE: DATA statement used (Total process time):
      real time           0.01 seconds
      cpu time            0.00 seconds
      

12530  data EM_temp_assessMeta;
12531  set EMWS1.Neural8_CMeta_TRAIN;
12532  where role in('DECISION', 'PREDICT', 'RESIDUAL', 'CLASSIFICATION', 'ASSESS', 'COST');
12533  run;

NOTE: There were 3 observations read from the data set EMWS1.NEURAL8_CMETA_TRAIN.
      WHERE role in ('ASSESS', 'CLASSIFICATION', 'COST', 'DECISION', 'PREDICT', 'RESIDUAL');
NOTE: The data set WORK.EM_TEMP_ASSESSMETA has 3 observations and 21 variables.
NOTE: DATA statement used (Total process time):
      real time           0.01 seconds
      cpu time            0.01 seconds
      

12534  data EM_temp_assessdata;
12535  set EMWS1.Neural8_TRAIN(keep=
12536  P_premium
12537  R_premium
12538  _WARN_
12539  premium
12540  );
12541  run;

NOTE: View EMWS1.NEURAL8_TRAIN.VIEW used (Total process time):
      real time           0.10 seconds
      cpu time            0.09 seconds
      
NOTE: There were 818 observations read from the data set EMWS1.PART4_TRAIN.
NOTE: There were 818 observations read from the data set EMWS1.NEURAL8_TRAIN.
NOTE: The data set WORK.EM_TEMP_ASSESSDATA has 818 observations and 4 variables.
NOTE: DATA statement used (Total process time):
      real time           0.10 seconds
      cpu time            0.09 seconds
      








16872  %let _cn = %sysfunc(getoption(CENTER));
16873  options nocenter;
16874  proc print data=EMWS1.Neural8_EMREPORTFIT noobs label;
16875  var STAT LABEL TRAIN
16876  TEST
16877  ;
16878  by TARGET TARGETLABEL;
16879  title9 ' ';
16880  title10 "%sysfunc(sasmsg(sashelp.dmine, rpt_fitstat_title  , NOQUOTE))";
16881  run;

NOTE: There were 21 observations read from the data set EMWS1.NEURAL8_EMREPORTFIT.
NOTE: The PROCEDURE PRINT printed page 7.
NOTE: PROCEDURE PRINT used (Total process time):
      real time           0.00 seconds
      cpu time            0.00 seconds
      

16882  title10;
16883  options &_cn;

16884  proc datasets library=EMWS1 nolist;
16885  modify Neural8_EMRANK;
16886  label target = "%sysfunc(sasmsg(sashelp.dmine, rpt_targetvar_vlabel ,   NOQUOTE))";
16887  label datarole = "%sysfunc(sasmsg(sashelp.dmine, rpt_datarole_vlabel ,    NOQUOTE))";
16888  run;

NOTE: MODIFY was successful for EMWS1.NEURAL8_EMRANK.DATA.
16889  quit;

NOTE: PROCEDURE DATASETS used (Total process time):
      real time           0.03 seconds
      cpu time            0.03 seconds
      

16890  %let _cn = %sysfunc(getoption(CENTER));
16891  options nocenter;
16892  proc print data=EMWS1.Neural8_EMRANK label noobs;
16893  var
16894  decile N _targetMean_ _meanP_;
16895  by
16896  notsorted DATAROLE
16897  notsorted TARGET
16898  notsorted TARGETLABEL
16899  ;
16900  title9 ' ';
16901  title10 "%sysfunc(sasmsg(sashelp.dmine, rpt_scoreranking_title , NOQUOTE))";
16902  run;

NOTE: There were 20 observations read from the data set EMWS1.NEURAL8_EMRANK.
NOTE: The PROCEDURE PRINT printed page 8.
NOTE: PROCEDURE PRINT used (Total process time):
      real time           0.01 seconds
      cpu time            0.00 seconds
      

16903  title10;
16904  options &_cn;

16905  proc datasets library=EMWS1 nolist;
16906  modify Neural8_EMSCOREDIST;
16907  label target = "%sysfunc(sasmsg(sashelp.dmine, rpt_targetvar_vlabel ,      NOQUOTE))";
16908  label datarole = "%sysfunc(sasmsg(sashelp.dmine, rpt_datarole_vlabel ,    NOQUOTE))";
16909  run;

NOTE: MODIFY was successful for EMWS1.NEURAL8_EMSCOREDIST.DATA.
16910  quit;

NOTE: PROCEDURE DATASETS used (Total process time):
      real time           0.03 seconds
      cpu time            0.03 seconds
      

