 
                                                                                                                                                                                                                                                                
 
 
Fit Statistics

Target=premium Target Label=' '

   Fit
Statistics    Statistics Label                             Train              Test

 _DFT_        Total Degrees of Freedom                    818.00               .  
 _DFE_        Degrees of Freedom for Error                637.00               .  
 _DFM_        Model Degrees of Freedom                    181.00               .  
 _NW_         Number of Estimated Weights                 181.00               .  
 _AIC_        Akaike's Information Criterion            15703.84               .  
 _SBC_        Schwarz's Bayesian Criterion              16555.78               .  
 _ASE_        Average Squared Error                 139741921.38      166206156.53
 _MAX_        Maximum Absolute Error                    37933.94          40245.49
 _DIV_        Divisor for ASE                             818.00            350.00
 _NOBS_       Sum of Frequencies                          818.00            350.00
 _RASE_       Root Average Squared Error                11821.25          12892.10
 _SSE_        Sum of Squared Errors              114308891687.71    58172154786.92
 _SUMW_       Sum of Case Weights Times Freq              818.00            350.00
 _FPE_        Final Prediction Error                219155697.74               .  
 _MSE_        Mean Squared Error                    179448809.56      166206156.53
 _RFPE_       Root Final Prediction Error               14803.91               .  
 _RMSE_       Root Mean Squared Error                   13395.85          12892.10
 _AVERR_      Average Error Function                139741921.38      166206156.53
 _ERR_        Error Function                     114308891687.71    58172154786.92
 _MISC_       Misclassification Rate                         .                 .  
 _WRONG_      Number of Wrong Classifications                .                 .  
 
                                                                                                                                                                                                                                                                
 
 
Assessment Score Rankings

Data Role=TRAIN Target Variable=premium Target Label=' '

           Number of       Mean         Mean
Depth    Observations     Target     Predicted

   5          41         81955.76     78330.54
  10          41         77714.07     74707.92
  15          41         72211.17     72464.63
  20          41         70181.46     69102.54
  25          41         67759.02     63143.16
  30          41         54303.95     57456.19
  35          41         54124.32     53804.27
  40          41         48842.59     50953.58
  45          41         47959.37     48525.52
  50          40         48021.83     47679.98
  55          41         43718.15     47094.91
  60          41         46114.44     46425.01
  65          41         45517.24     45636.54
  70          41         43617.73     44643.64
  75          41         45821.68     43736.29
  80          41         45133.83     42381.35
  85          41         46059.56     40906.25
  90          41         37124.46     39453.49
  95          41         33634.00     36333.55
 100          40         35001.00     29932.07
 
                                                                                                                                                                                                                                                                
 
 
Assessment Score Distribution

Data Role=TRAIN Target Variable=premium Target Label=' '

                            Mean         Mean        Number of       Model
 Range for Predicted       Target     Predicted    Observations      Score

80655.082 -  84167.183    84211.30     82043.54          10        82411.13
77142.982 -  80655.082    81347.00     79310.39          11        78899.03
73630.881 -  77142.982    78659.72     75044.30          64        75386.93
70118.780 -  73630.881    71713.27     71956.74          51        71874.83
66606.680 -  70118.780    68217.56     68592.11          25        68362.73
63094.579 -  66606.680    72665.88     64733.06          26        64850.63
59582.478 -  63094.579    62617.24     61137.89          21        61338.53
56070.377 -  59582.478    54132.36     57894.16          28        57826.43
52558.277 -  56070.377    54005.71     54139.33          51        54314.33
49046.176 -  52558.277    48917.81     50909.54          42        50802.23
45534.075 -  49046.176    46276.09     47222.68         186        47290.13
42021.975 -  45534.075    44934.40     43965.91         129        43778.02
38509.874 -  42021.975    42446.68     40409.73          91        40265.92
34997.773 -  38509.874    30865.35     36952.65          34        36753.82
31485.672 -  34997.773    36174.28     33309.11          32        33241.72
27973.572 -  31485.672    38824.86     30033.17           7        29729.62
24461.471 -  27973.572    33696.00     27162.69           4        26217.52
20949.370 -  24461.471    32961.50     23336.11           4        22705.42
13925.169 -  17437.269    39844.00     14580.45           2        15681.22
