*------------------------------------------------------------*
* Score Log
Date:                04,June,2022
Time:                21:28:04
*------------------------------------------------------------*
NOTE: This SAS session is using a registry in WORK.  All changes will be lost at the end of this session.
11253  data work.outkey;
11254  set EMWS1.Neural8_OUTKEY;
11255  if upcase(ROLE) = 'HIDDEN';
11256  run;

NOTE: There were 31 observations read from the data set EMWS1.NEURAL8_OUTKEY.
NOTE: The data set WORK.OUTKEY has 20 observations and 8 variables.
NOTE: DATA statement used (Total process time):
      real time           0.01 seconds
      cpu time            0.01 seconds
      

11257  filename emflow "C:\Users\2001231F\Desktop\Predictive\Workspaces\EMWS1\Neural8\EMFLOWSCORE.sas";
11258  *------------------------------------------------------------*;
11259  * Neural8: Scoring DATA data;
11260  *------------------------------------------------------------*;
11261  data EMWS1.Neural8_TRAIN
11262  / view=EMWS1.Neural8_TRAIN
11263  ;
11264  set EMWS1.Part4_TRAIN
11265  ;
11266  %inc emflow;
11681  run;

NOTE: DATA STEP view saved on file EMWS1.NEURAL8_TRAIN.
NOTE: A stored DATA STEP view cannot run under a different operating system.
NOTE: DATA statement used (Total process time):
      real time           0.01 seconds
      cpu time            0.01 seconds
      

11682  quit;
11683  filename emflow;
NOTE: Fileref EMFLOW has been deassigned.

11684  filename emflow "C:\Users\2001231F\Desktop\Predictive\Workspaces\EMWS1\Neural8\EMFLOWSCORE.sas";
11685  *------------------------------------------------------------*;
11686  * Neural8: Scoring TEST data;
11687  *------------------------------------------------------------*;
11688  data EMWS1.Neural8_TEST
11689  / view=EMWS1.Neural8_TEST
11690  ;
11691  set EMWS1.Part4_TEST
11692  ;
11693  %inc emflow;
12108  run;

NOTE: DATA STEP view saved on file EMWS1.NEURAL8_TEST.
NOTE: A stored DATA STEP view cannot run under a different operating system.
NOTE: DATA statement used (Total process time):
      real time           0.01 seconds
      cpu time            0.01 seconds
      

12109  quit;
12110  filename emflow;
NOTE: Fileref EMFLOW has been deassigned.

12111  *------------------------------------------------------------*;
12112  * Neural8: Computing metadata for TRAIN data;
12113  *------------------------------------------------------------*;

NOTE: View EMWS1.NEURAL8_TRAIN.VIEW used (Total process time):
      real time           0.09 seconds
      cpu time            0.09 seconds
      
12458  data EMWS1.Neural8_EMINFO;
12459  length TARGET KEY $32 DATA $43;
12460  input TARGET KEY DATA $;
12461  cards;

NOTE: The data set EMWS1.NEURAL8_EMINFO has 3 observations and 3 variables.
NOTE: DATA statement used (Total process time):
      real time           0.01 seconds
      cpu time            0.01 seconds
      

12465  run;
12466  proc sort data = EMWS1.Neural8_EMINFO NOTHREADS;
12467  by TARGET KEY;
12468  run;

NOTE: There were 3 observations read from the data set EMWS1.NEURAL8_EMINFO.
NOTE: The data set EMWS1.NEURAL8_EMINFO has 3 observations and 3 variables.
NOTE: PROCEDURE SORT used (Total process time):
      real time           0.03 seconds
      cpu time            0.01 seconds
      

NOTE: View EMWS1.NEURAL8_TRAIN.VIEW used (Total process time):
      real time           0.07 seconds
      cpu time            0.07 seconds
      
NOTE: View EMWS1.NEURAL8_TEST.VIEW used (Total process time):
      real time           0.07 seconds
      cpu time            0.06 seconds
      
